[Wed Dec 12 15:07:34.613 2012] 0.041 sec [ext2/0/rel 3 (0,10000)] [*] test
[Wed Dec 12 15:07:35.406 2012] 0.000 sec [ext2/0/rel 3 (0,10000)] [*] test
[Wed Dec 12 15:07:51.894 2012] 0.000 sec [ext2/0/rel 0 (0,10000)] [*] ‰∫ë
[Wed Dec 12 15:07:52.439 2012] 0.000 sec [ext2/0/rel 0 (0,10000)] [*] ‰∫ë
[Wed Dec 12 15:07:52.631 2012] 0.000 sec [ext2/0/rel 0 (0,10000)] [*] ‰∫ë
[Wed Dec 12 15:07:52.819 2012] 0.000 sec [ext2/0/rel 0 (0,10000)] [*] ‰∫ë
[Wed Dec 12 15:07:53.012 2012] 0.000 sec [ext2/0/rel 0 (0,10000)] [*] ‰∫ë
[Wed Dec 12 15:10:27.119 2012] 0.000 sec [ext2/0/rel 0 (0,10000)] [*] ‰∫ëÂçó
[Wed Dec 12 15:10:27.723 2012] 0.000 sec [ext2/0/rel 0 (0,10000)] [*] ‰∫ëÂçó
[Wed Dec 12 15:10:27.923 2012] 0.000 sec [ext2/0/rel 0 (0,10000)] [*] ‰∫ëÂçó
[Wed Dec 12 15:10:28.131 2012] 0.000 sec [ext2/0/rel 0 (0,10000)] [*] ‰∫ëÂçó
[Wed Dec 12 15:10:28.284 2012] 0.000 sec [ext2/0/rel 0 (0,10000)] [*] ‰∫ëÂçó
[Wed Dec 12 15:17:39.437 2012] 0.000 sec [ext2/0/rel 0 (0,10000)] [*] ‰∫ëÂçó
[Wed Dec 12 15:17:39.941 2012] 0.000 sec [ext2/0/rel 0 (0,10000)] [*] ‰∫ëÂçó
[Wed Dec 12 15:17:40.158 2012] 0.000 sec [ext2/0/rel 0 (0,10000)] [*] ‰∫ëÂçó
[Wed Dec 12 15:17:40.336 2012] 0.000 sec [ext2/0/rel 0 (0,10000)] [*] ‰∫ëÂçó
[Wed Dec 12 15:17:40.503 2012] 0.000 sec [ext2/0/rel 0 (0,10000)] [*] ‰∫ëÂçó
[Wed Dec 12 15:17:40.639 2012] 0.000 sec [ext2/0/rel 0 (0,10000)] [*] ‰∫ëÂçó
[Wed Dec 12 15:17:40.870 2012] 0.000 sec [ext2/0/rel 0 (0,10000)] [*] ‰∫ëÂçó
[Wed Dec 12 15:17:41.071 2012] 0.000 sec [ext2/0/rel 0 (0,10000)] [*] ‰∫ëÂçó
[Wed Dec 12 15:17:41.243 2012] 0.000 sec [ext2/0/rel 0 (0,10000)] [*] ‰∫ëÂçó
[Wed Dec 12 15:17:41.405 2012] 0.000 sec [ext2/0/rel 0 (0,10000)] [*] ‰∫ëÂçó
[Wed Dec 12 15:17:41.601 2012] 0.000 sec [ext2/0/rel 0 (0,10000)] [*] ‰∫ëÂçó
[Wed Dec 12 15:17:41.774 2012] 0.000 sec [ext2/0/rel 0 (0,10000)] [*] ‰∫ëÂçó
[Wed Dec 12 15:17:41.947 2012] 0.000 sec [ext2/0/rel 0 (0,10000)] [*] ‰∫ëÂçó
[Wed Dec 12 15:17:42.101 2012] 0.000 sec [ext2/0/rel 0 (0,10000)] [*] ‰∫ëÂçó
[Wed Dec 12 15:17:42.340 2012] 0.000 sec [ext2/0/rel 0 (0,10000)] [*] ‰∫ëÂçó
[Wed Dec 12 15:17:42.538 2012] 0.000 sec [ext2/0/rel 0 (0,10000)] [*] ‰∫ëÂçó
[Wed Dec 12 15:17:42.684 2012] 0.000 sec [ext2/0/rel 0 (0,10000)] [*] ‰∫ëÂçó
[Wed Dec 12 15:17:42.903 2012] 0.000 sec [ext2/0/rel 0 (0,10000)] [*] ‰∫ëÂçó
[Wed Dec 12 15:20:08.721 2012] 0.000 sec [ext2/0/rel 0 (0,10000)] [*] ‰∫ëÂçó
[Wed Dec 12 15:20:09.293 2012] 0.000 sec [ext2/0/rel 0 (0,10000)] [*] ‰∫ëÂçó
[Wed Dec 12 15:20:23.576 2012] 0.000 sec [ext2/0/rel 3 (0,10000)] [*] test
[Wed Dec 12 15:20:24.202 2012] 0.000 sec [ext2/0/rel 3 (0,10000)] [*] test
[Wed Dec 12 15:20:24.408 2012] 0.000 sec [ext2/0/rel 3 (0,10000)] [*] test
[Wed Dec 12 15:20:24.595 2012] 0.000 sec [ext2/0/rel 3 (0,10000)] [*] test
[Wed Dec 12 15:20:24.795 2012] 0.000 sec [ext2/0/rel 3 (0,10000)] [*] test
[Wed Dec 12 15:20:25.040 2012] 0.000 sec [ext2/0/rel 3 (0,10000)] [*] test
[Wed Dec 12 15:38:23.365 2012] 0.000 sec [ext2/0/rel 3 (0,10000)] [*] test
[Wed Dec 12 15:38:24.004 2012] 0.001 sec [ext2/0/rel 3 (0,10000)] [*] test
[Wed Dec 12 15:38:24.234 2012] 0.000 sec [ext2/0/rel 3 (0,10000)] [*] test
[Wed Dec 12 15:38:24.455 2012] 0.000 sec [ext2/0/rel 3 (0,10000)] [*] test
[Wed Dec 12 15:38:24.632 2012] 0.000 sec [ext2/0/rel 3 (0,10000)] [*] test
[Wed Dec 12 15:38:38.391 2012] 0.000 sec [ext2/0/rel 0 (0,10000)] [*] ‰∫ë
[Wed Dec 12 15:38:38.925 2012] 0.000 sec [ext2/0/rel 0 (0,10000)] [*] ‰∫ë
[Wed Dec 12 15:38:39.160 2012] 0.000 sec [ext2/0/rel 0 (0,10000)] [*] ‰∫ë
[Wed Dec 12 15:38:39.317 2012] 0.000 sec [ext2/0/rel 0 (0,10000)] [*] ‰∫ë
[Wed Dec 12 15:39:06.238 2012] 0.000 sec [ext2/0/rel 0 (0,10000)] [*] ‰∫ëÂçó
[Wed Dec 12 15:39:06.695 2012] 0.000 sec [ext2/0/rel 0 (0,10000)] [*] ‰∫ëÂçó
[Wed Dec 12 15:39:06.908 2012] 0.000 sec [ext2/0/rel 0 (0,10000)] [*] ‰∫ëÂçó
[Wed Dec 12 15:39:07.116 2012] 0.000 sec [ext2/0/rel 0 (0,10000)] [*] ‰∫ëÂçó
[Wed Dec 12 15:39:07.286 2012] 0.001 sec [ext2/0/rel 0 (0,10000)] [*] ‰∫ëÂçó
[Wed Dec 12 15:39:07.480 2012] 0.000 sec [ext2/0/rel 0 (0,10000)] [*] ‰∫ëÂçó
[Wed Dec 12 15:39:07.648 2012] 0.000 sec [ext2/0/rel 0 (0,10000)] [*] ‰∫ëÂçó
[Wed Dec 12 15:39:07.781 2012] 0.000 sec [ext2/0/rel 0 (0,10000)] [*] ‰∫ëÂçó
[Wed Dec 12 15:40:31.081 2012] 0.000 sec [ext2/0/rel 0 (0,10000)] [*] ‰∫ëÂçó
[Wed Dec 12 15:40:31.618 2012] 0.000 sec [ext2/0/rel 0 (0,10000)] [*] ‰∫ëÂçó
[Wed Dec 12 15:40:32.132 2012] 0.000 sec [ext2/0/rel 0 (0,10000)] [*] ‰∫ëÂçó
[Wed Dec 12 15:40:37.550 2012] 0.000 sec [ext2/0/rel 0 (0,10000)] [*] ‰∫ëÂçó
[Wed Dec 12 15:43:54.674 2012] 0.000 sec [ext2/0/rel 0 (0,10000)] [*] Êµú
[Wed Dec 12 15:43:55.297 2012] 0.000 sec [ext2/0/rel 0 (0,10000)] [*] Êµú
[Wed Dec 12 15:43:55.554 2012] 0.000 sec [ext2/0/rel 0 (0,10000)] [*] Êµú
[Wed Dec 12 15:43:55.759 2012] 0.000 sec [ext2/0/rel 0 (0,10000)] [*] Êµú
[Wed Dec 12 15:43:56.018 2012] 0.000 sec [ext2/0/rel 0 (0,10000)] [*] Êµú
[Wed Dec 12 15:43:56.189 2012] 0.000 sec [ext2/0/rel 0 (0,10000)] [*] Êµú
[Wed Dec 12 15:43:56.366 2012] 0.000 sec [ext2/0/rel 0 (0,10000)] [*] Êµú
[Wed Dec 12 15:43:56.592 2012] 0.000 sec [ext2/0/rel 0 (0,10000)] [*] Êµú
[Wed Dec 12 15:43:56.808 2012] 0.000 sec [ext2/0/rel 0 (0,10000)] [*] Êµú
[Wed Dec 12 15:43:57.006 2012] 0.000 sec [ext2/0/rel 0 (0,10000)] [*] Êµú
[Wed Dec 12 15:44:08.578 2012] 0.000 sec [ext2/0/rel 0 (0,10000)] [*] Êµú
[Wed Dec 12 15:44:09.073 2012] 0.000 sec [ext2/0/rel 0 (0,10000)] [*] Êµú
[Wed Dec 12 15:44:09.352 2012] 0.000 sec [ext2/0/rel 0 (0,10000)] [*] Êµú
[Wed Dec 12 15:44:09.546 2012] 0.000 sec [ext2/0/rel 0 (0,10000)] [*] Êµú
[Wed Dec 12 15:44:09.786 2012] 0.000 sec [ext2/0/rel 0 (0,10000)] [*] Êµú
[Wed Dec 12 15:44:09.932 2012] 0.000 sec [ext2/0/rel 0 (0,10000)] [*] Êµú
[Wed Dec 12 15:46:35.805 2012] 0.000 sec [ext2/0/rel 0 (0,10000)] [*] Êµú
[Wed Dec 12 15:46:36.490 2012] 0.000 sec [ext2/0/rel 0 (0,10000)] [*] Êµú
[Wed Dec 12 15:46:38.931 2012] 0.000 sec [ext2/0/rel 0 (0,10000)] [*] Êµú
[Wed Dec 12 15:46:53.231 2012] 0.000 sec [ext2/0/rel 3 (0,10000)] [*] test
[Wed Dec 12 15:46:53.862 2012] 0.000 sec [ext2/0/rel 3 (0,10000)] [*] test
[Wed Dec 12 15:46:54.074 2012] 0.000 sec [ext2/0/rel 3 (0,10000)] [*] test
[Wed Dec 12 15:46:54.235 2012] 0.000 sec [ext2/0/rel 3 (0,10000)] [*] test
[Wed Dec 12 15:46:54.459 2012] 0.000 sec [ext2/0/rel 3 (0,10000)] [*] test
[Wed Dec 12 15:47:08.226 2012] 0.000 sec [ext2/0/rel 0 (0,10000)] [*] Êµú
[Wed Dec 12 15:47:08.671 2012] 0.000 sec [ext2/0/rel 0 (0,10000)] [*] Êµú
[Wed Dec 12 15:47:08.845 2012] 0.000 sec [ext2/0/rel 0 (0,10000)] [*] Êµú
[Wed Dec 12 15:47:09.019 2012] 0.000 sec [ext2/0/rel 0 (0,10000)] [*] Êµú
[Wed Dec 12 15:47:24.477 2012] 0.000 sec [ext2/0/rel 0 (0,10000)] [*] ÊµúÊàùÂ¥°
[Wed Dec 12 15:47:24.686 2012] 0.000 sec [ext2/0/rel 0 (0,10000)] [*] ÊµúÊàùÂ¥°
[Wed Dec 12 15:47:24.915 2012] 0.000 sec [ext2/0/rel 0 (0,10000)] [*] ÊµúÊàùÂ¥°
[Wed Dec 12 15:47:25.097 2012] 0.000 sec [ext2/0/rel 0 (0,10000)] [*] ÊµúÊàùÂ¥°
[Wed Dec 12 15:47:25.252 2012] 0.000 sec [ext2/0/rel 0 (0,10000)] [*] ÊµúÊàùÂ¥°
[Wed Dec 12 15:47:53.371 2012] 0.000 sec [ext2/0/rel 1 (0,10000)] [*] one
[Wed Dec 12 15:47:53.913 2012] 0.000 sec [ext2/0/rel 1 (0,10000)] [*] one
[Wed Dec 12 15:47:54.145 2012] 0.000 sec [ext2/0/rel 1 (0,10000)] [*] one
[Wed Dec 12 15:47:54.263 2012] 0.000 sec [ext2/0/rel 1 (0,10000)] [*] one
[Wed Dec 12 15:50:08.395 2012] 0.000 sec [ext2/0/rel 1 (0,10000)] [*] one
[Wed Dec 12 15:50:08.870 2012] 0.000 sec [ext2/0/rel 1 (0,10000)] [*] one
[Wed Dec 12 15:50:09.147 2012] 0.000 sec [ext2/0/rel 1 (0,10000)] [*] one
[Wed Dec 12 15:50:16.466 2012] 0.000 sec [ext2/0/rel 0 (0,10000)] [*] Êµú
[Wed Dec 12 15:50:17.051 2012] 0.000 sec [ext2/0/rel 0 (0,10000)] [*] Êµú
[Wed Dec 12 15:50:17.267 2012] 0.000 sec [ext2/0/rel 0 (0,10000)] [*] Êµú
[Wed Dec 12 15:50:17.497 2012] 0.000 sec [ext2/0/rel 0 (0,10000)] [*] Êµú
[Wed Dec 12 15:50:17.638 2012] 0.000 sec [ext2/0/rel 0 (0,10000)] [*] Êµú
[Wed Dec 12 15:50:17.807 2012] 0.000 sec [ext2/0/rel 0 (0,10000)] [*] Êµú
[Wed Dec 12 15:50:36.139 2012] 0.000 sec [ext2/0/rel 0 (0,10000)] [*] ‰∫ëÂçó
[Wed Dec 12 15:50:36.659 2012] 0.000 sec [ext2/0/rel 0 (0,10000)] [*] ‰∫ëÂçó
[Wed Dec 12 15:50:36.838 2012] 0.000 sec [ext2/0/rel 0 (0,10000)] [*] ‰∫ëÂçó
[Wed Dec 12 15:50:37.039 2012] 0.000 sec [ext2/0/rel 0 (0,10000)] [*] ‰∫ëÂçó
[Wed Dec 12 15:50:37.242 2012] 0.000 sec [ext2/0/rel 0 (0,10000)] [*] ‰∫ëÂçó
[Wed Dec 12 15:50:37.427 2012] 0.000 sec [ext2/0/rel 0 (0,10000)] [*] ‰∫ëÂçó
[Wed Dec 12 15:50:44.050 2012] 0.000 sec [ext2/0/rel 0 (0,10000)] [*] ‰∫ë
[Wed Dec 12 15:50:44.368 2012] 0.000 sec [ext2/0/rel 0 (0,10000)] [*] ‰∫ë
[Wed Dec 12 15:50:44.685 2012] 0.000 sec [ext2/0/rel 0 (0,10000)] [*] ‰∫ë
[Wed Dec 12 15:50:44.959 2012] 0.000 sec [ext2/0/rel 0 (0,10000)] [*] ‰∫ë
[Wed Dec 12 15:50:45.242 2012] 0.000 sec [ext2/0/rel 0 (0,10000)] [*] ‰∫ë
[Wed Dec 12 15:51:10.266 2012] 0.000 sec [ext2/0/rel 0 (0,10000)] [*] ‰∫ë
[Wed Dec 12 15:51:10.802 2012] 0.000 sec [ext2/0/rel 0 (0,10000)] [*] ‰∫ë
[Wed Dec 12 15:51:10.990 2012] 0.000 sec [ext2/0/rel 0 (0,10000)] [*] ‰∫ë
[Wed Dec 12 15:51:11.168 2012] 0.000 sec [ext2/0/rel 0 (0,10000)] [*] ‰∫ë
[Wed Dec 12 15:51:11.331 2012] 0.000 sec [ext2/0/rel 0 (0,10000)] [*] ‰∫ë
[Wed Dec 12 15:51:11.551 2012] 0.000 sec [ext2/0/rel 0 (0,10000)] [*] ‰∫ë
[Wed Dec 12 15:51:11.674 2012] 0.000 sec [ext2/0/rel 0 (0,10000)] [*] ‰∫ë
[Wed Dec 12 15:51:11.879 2012] 0.000 sec [ext2/0/rel 0 (0,10000)] [*] ‰∫ë
[Wed Dec 12 15:51:12.016 2012] 0.000 sec [ext2/0/rel 0 (0,10000)] [*] ‰∫ë
[Wed Dec 12 15:51:12.265 2012] 0.000 sec [ext2/0/rel 0 (0,10000)] [*] ‰∫ë
[Wed Dec 12 15:51:12.432 2012] 0.000 sec [ext2/0/rel 0 (0,10000)] [*] ‰∫ë
[Wed Dec 12 15:51:12.598 2012] 0.000 sec [ext2/0/rel 0 (0,10000)] [*] ‰∫ë
[Wed Dec 12 15:52:04.614 2012] 0.000 sec [ext2/0/rel 0 (0,10000)] [*] ‰∫ë
[Wed Dec 12 15:52:05.219 2012] 0.000 sec [ext2/0/rel 0 (0,10000)] [*] ‰∫ë
[Wed Dec 12 15:52:05.430 2012] 0.000 sec [ext2/0/rel 0 (0,10000)] [*] ‰∫ë
[Wed Dec 12 15:52:05.637 2012] 0.000 sec [ext2/0/rel 0 (0,10000)] [*] ‰∫ë
[Wed Dec 12 15:52:05.785 2012] 0.000 sec [ext2/0/rel 0 (0,10000)] [*] ‰∫ë
[Wed Dec 12 15:52:05.993 2012] 0.000 sec [ext2/0/rel 0 (0,10000)] [*] ‰∫ë
[Wed Dec 12 15:52:06.172 2012] 0.000 sec [ext2/0/rel 0 (0,10000)] [*] ‰∫ë
[Wed Dec 12 15:52:06.386 2012] 0.000 sec [ext2/0/rel 0 (0,10000)] [*] ‰∫ë
[Wed Dec 12 15:52:06.574 2012] 0.000 sec [ext2/0/rel 0 (0,10000)] [*] ‰∫ë
[Wed Dec 12 15:52:06.812 2012] 0.000 sec [ext2/0/rel 0 (0,10000)] [*] ‰∫ë
[Wed Dec 12 15:52:06.972 2012] 0.000 sec [ext2/0/rel 0 (0,10000)] [*] ‰∫ë
[Wed Dec 12 15:52:07.173 2012] 0.000 sec [ext2/0/rel 0 (0,10000)] [*] ‰∫ë
[Wed Dec 12 15:52:07.340 2012] 0.000 sec [ext2/0/rel 0 (0,10000)] [*] ‰∫ë
[Wed Dec 12 15:55:53.288 2012] 0.000 sec [ext2/0/rel 0 (0,10000)] [*] ‰∫ë
[Wed Dec 12 15:55:54.012 2012] 0.000 sec [ext2/0/rel 0 (0,10000)] [*] ‰∫ë
[Wed Dec 12 15:55:54.213 2012] 0.000 sec [ext2/0/rel 0 (0,10000)] [*] ‰∫ë
[Wed Dec 12 15:55:54.414 2012] 0.000 sec [ext2/0/rel 0 (0,10000)] [*] ‰∫ë
[Wed Dec 12 15:55:54.525 2012] 0.000 sec [ext2/0/rel 0 (0,10000)] [*] ‰∫ë
[Wed Dec 12 15:55:54.699 2012] 0.000 sec [ext2/0/rel 0 (0,10000)] [*] ‰∫ë
[Wed Dec 12 15:55:54.819 2012] 0.000 sec [ext2/0/rel 0 (0,10000)] [*] ‰∫ë
[Wed Dec 12 15:56:26.782 2012] 0.000 sec [ext2/0/rel 3 (0,10000)] [*] test
[Wed Dec 12 15:56:27.446 2012] 0.000 sec [ext2/0/rel 3 (0,10000)] [*] test
[Wed Dec 12 15:56:27.657 2012] 0.000 sec [ext2/0/rel 3 (0,10000)] [*] test
[Wed Dec 12 15:56:27.780 2012] 0.000 sec [ext2/0/rel 3 (0,10000)] [*] test
[Wed Dec 12 15:56:40.677 2012] 0.000 sec [ext2/0/rel 0 (0,10000)] [*] ‰∫ëÂçó
[Wed Dec 12 15:56:41.251 2012] 0.000 sec [ext2/0/rel 0 (0,10000)] [*] ‰∫ëÂçó
[Wed Dec 12 15:56:41.486 2012] 0.000 sec [ext2/0/rel 0 (0,10000)] [*] ‰∫ëÂçó
[Wed Dec 12 15:56:41.665 2012] 0.000 sec [ext2/0/rel 0 (0,10000)] [*] ‰∫ëÂçó
[Wed Dec 12 15:56:54.909 2012] 0.000 sec [ext2/0/rel 0 (0,10000)] [*] ‰∫ëÂçó
[Wed Dec 12 15:56:55.105 2012] 0.000 sec [ext2/0/rel 0 (0,10000)] [*] ‰∫ëÂçó
[Wed Dec 12 15:56:55.299 2012] 0.000 sec [ext2/0/rel 0 (0,10000)] [*] ‰∫ëÂçó
[Wed Dec 12 15:57:13.574 2012] 0.000 sec [ext2/0/rel 0 (0,10000)] [*] ‰∫ëÂçó
[Wed Dec 12 15:57:13.778 2012] 0.000 sec [ext2/0/rel 0 (0,10000)] [*] ‰∫ëÂçó
[Wed Dec 12 15:57:13.988 2012] 0.000 sec [ext2/0/rel 0 (0,10000)] [*] ‰∫ëÂçó
[Wed Dec 12 15:57:14.159 2012] 0.000 sec [ext2/0/rel 0 (0,10000)] [*] ‰∫ëÂçó
[Wed Dec 12 15:57:34.077 2012] 0.000 sec [ext2/0/rel 0 (0,10000)] [*] ‰∫ë Âçó
[Wed Dec 12 15:57:34.651 2012] 0.000 sec [ext2/0/rel 0 (0,10000)] [*] ‰∫ë Âçó
[Wed Dec 12 15:57:34.901 2012] 0.000 sec [ext2/0/rel 0 (0,10000)] [*] ‰∫ë Âçó
[Wed Dec 12 15:57:35.096 2012] 0.000 sec [ext2/0/rel 0 (0,10000)] [*] ‰∫ë Âçó
[Wed Dec 12 16:08:01.567 2012] 0.000 sec [ext2/0/rel 0 (0,10000)] [*] ‰∫ë
[Wed Dec 12 16:08:01.825 2012] 0.000 sec [ext2/0/rel 0 (0,10000)] [*] ‰∫ë
[Wed Dec 12 16:08:02.019 2012] 0.000 sec [ext2/0/rel 0 (0,10000)] [*] ‰∫ë
[Wed Dec 12 16:08:02.203 2012] 0.000 sec [ext2/0/rel 0 (0,10000)] [*] ‰∫ë
[Wed Dec 12 16:08:02.358 2012] 0.000 sec [ext2/0/rel 0 (0,10000)] [*] ‰∫ë
[Wed Dec 12 16:08:02.581 2012] 0.000 sec [ext2/0/rel 0 (0,10000)] [*] ‰∫ë
[Wed Dec 12 16:08:02.742 2012] 0.000 sec [ext2/0/rel 0 (0,10000)] [*] ‰∫ë
[Wed Dec 12 16:08:02.943 2012] 0.000 sec [ext2/0/rel 0 (0,10000)] [*] ‰∫ë
[Wed Dec 12 16:08:04.813 2012] 0.000 sec [ext2/0/rel 0 (0,10000)] [*] ‰∫ë
[Wed Dec 12 16:08:11.022 2012] 0.000 sec [ext2/0/rel 0 (0,10000)] [*] ‰∫ë
[Wed Dec 12 16:08:27.089 2012] 0.000 sec [ext2/0/rel 0 (0,10000)] [*] yun
[Wed Dec 12 16:08:27.607 2012] 0.000 sec [ext2/0/rel 0 (0,10000)] [*] yun
[Wed Dec 12 16:08:27.882 2012] 0.000 sec [ext2/0/rel 0 (0,10000)] [*] yun
[Wed Dec 12 16:08:28.052 2012] 0.000 sec [ext2/0/rel 0 (0,10000)] [*] yun
[Wed Dec 12 16:08:28.247 2012] 0.000 sec [ext2/0/rel 0 (0,10000)] [*] yun
[Wed Dec 12 16:08:28.352 2012] 0.000 sec [ext2/0/rel 0 (0,10000)] [*] yun
[Wed Dec 12 16:08:28.563 2012] 0.000 sec [ext2/0/rel 0 (0,10000)] [*] yun
[Wed Dec 12 16:08:28.771 2012] 0.000 sec [ext2/0/rel 0 (0,10000)] [*] yun
[Wed Dec 12 16:08:29.050 2012] 0.000 sec [ext2/0/rel 0 (0,10000)] [*] yun
[Wed Dec 12 16:08:35.444 2012] 0.000 sec [ext2/0/rel 3 (0,10000)] [*] test
[Wed Dec 12 16:08:35.990 2012] 0.000 sec [ext2/0/rel 3 (0,10000)] [*] test
[Wed Dec 12 16:08:36.128 2012] 0.000 sec [ext2/0/rel 3 (0,10000)] [*] test
[Wed Dec 12 16:08:36.325 2012] 0.000 sec [ext2/0/rel 3 (0,10000)] [*] test
[Wed Dec 12 16:10:24.756 2012] 0.000 sec [ext2/0/rel 3 (0,10000)] [*] test
[Wed Dec 12 16:10:25.320 2012] 0.000 sec [ext2/0/rel 3 (0,10000)] [*] test
[Wed Dec 12 16:10:25.528 2012] 0.000 sec [ext2/0/rel 3 (0,10000)] [*] test
[Wed Dec 12 16:10:25.724 2012] 0.000 sec [ext2/0/rel 3 (0,10000)] [*] test
[Wed Dec 12 16:10:25.900 2012] 0.000 sec [ext2/0/rel 3 (0,10000)] [*] test
[Wed Dec 12 16:16:24.080 2012] 0.000 sec [ext2/0/rel 1 (0,10000)] [*] yun nan
[Wed Dec 12 16:16:24.681 2012] 0.000 sec [ext2/0/rel 1 (0,10000)] [*] yun nan
[Wed Dec 12 16:16:24.922 2012] 0.000 sec [ext2/0/rel 1 (0,10000)] [*] yun nan
[Wed Dec 12 16:16:35.073 2012] 0.000 sec [ext2/0/rel 1 (0,10000)] [*] yun nan yi yuan
[Wed Dec 12 16:16:35.663 2012] 0.001 sec [ext2/0/rel 1 (0,10000)] [*] yun nan yi yuan
[Wed Dec 12 16:16:35.871 2012] 0.000 sec [ext2/0/rel 1 (0,10000)] [*] yun nan yi yuan
[Wed Dec 12 16:16:36.013 2012] 0.000 sec [ext2/0/rel 1 (0,10000)] [*] yun nan yi yuan
[Wed Dec 12 16:16:36.185 2012] 0.000 sec [ext2/0/rel 1 (0,10000)] [*] yun nan yi yuan
[Wed Dec 12 16:16:36.356 2012] 0.000 sec [ext2/0/rel 1 (0,10000)] [*] yun nan yi yuan
[Wed Dec 12 16:16:49.681 2012] 0.000 sec [ext2/0/rel 1 (0,10000)] [*] yun nan yi yuan jie shi
[Wed Dec 12 16:16:50.210 2012] 0.001 sec [ext2/0/rel 1 (0,10000)] [*] yun nan yi yuan jie shi
[Wed Dec 12 16:16:50.432 2012] 0.000 sec [ext2/0/rel 1 (0,10000)] [*] yun nan yi yuan jie shi
[Wed Dec 12 16:16:50.614 2012] 0.001 sec [ext2/0/rel 1 (0,10000)] [*] yun nan yi yuan jie shi
[Wed Dec 12 16:16:50.882 2012] 0.000 sec [ext2/0/rel 1 (0,10000)] [*] yun nan yi yuan jie shi
[Wed Dec 12 16:16:50.919 2012] 0.001 sec [ext2/0/rel 1 (0,10000)] [*] yun nan yi yuan jie shi
[Wed Dec 12 16:16:51.127 2012] 0.000 sec [ext2/0/rel 1 (0,10000)] [*] yun nan yi yuan jie shi
[Wed Dec 12 16:16:51.273 2012] 0.000 sec [ext2/0/rel 1 (0,10000)] [*] yun nan yi yuan jie shi
[Wed Dec 12 16:16:51.455 2012] 0.000 sec [ext2/0/rel 1 (0,10000)] [*] yun nan yi yuan jie shi
[Wed Dec 12 16:16:51.571 2012] 0.001 sec [ext2/0/rel 1 (0,10000)] [*] yun nan yi yuan jie shi
[Wed Dec 12 16:16:51.751 2012] 0.000 sec [ext2/0/rel 1 (0,10000)] [*] yun nan yi yuan jie shi
[Wed Dec 12 16:16:51.931 2012] 0.001 sec [ext2/0/rel 1 (0,10000)] [*] yun nan yi yuan jie shi
[Wed Dec 12 16:16:52.141 2012] 0.000 sec [ext2/0/rel 1 (0,10000)] [*] yun nan yi yuan jie shi
[Wed Dec 12 16:16:52.328 2012] 0.000 sec [ext2/0/rel 1 (0,10000)] [*] yun nan yi yuan jie shi
[Wed Dec 12 16:16:52.541 2012] 0.001 sec [ext2/0/rel 1 (0,10000)] [*] yun nan yi yuan jie shi
[Wed Dec 12 16:20:04.459 2012] 0.000 sec [ext2/0/rel 1 (0,10000)] [*] yun nan yi yuan jie shi
[Wed Dec 12 16:20:04.864 2012] 0.000 sec [ext2/0/rel 1 (0,10000)] [*] yun nan yi yuan jie shi
[Wed Dec 12 16:20:05.050 2012] 0.000 sec [ext2/0/rel 1 (0,10000)] [*] yun nan yi yuan jie shi
[Wed Dec 12 16:20:05.267 2012] 0.000 sec [ext2/0/rel 1 (0,10000)] [*] yun nan yi yuan jie shi
[Wed Dec 12 16:21:48.298 2012] 0.000 sec [ext2/0/rel 0 (0,10000)] [*] you xi
[Wed Dec 12 16:21:48.827 2012] 0.000 sec [ext2/0/rel 0 (0,10000)] [*] you xi
[Wed Dec 12 16:21:49.045 2012] 0.000 sec [ext2/0/rel 0 (0,10000)] [*] you xi
[Wed Dec 12 16:21:49.182 2012] 0.000 sec [ext2/0/rel 0 (0,10000)] [*] you xi
[Wed Dec 12 16:21:49.389 2012] 0.000 sec [ext2/0/rel 0 (0,10000)] [*] you xi
[Wed Dec 12 16:21:49.576 2012] 0.000 sec [ext2/0/rel 0 (0,10000)] [*] you xi
[Wed Dec 12 16:22:38.414 2012] 0.001 sec [ext2/0/rel 1 (0,10000)] [*] you xi
[Wed Dec 12 16:22:38.906 2012] 0.000 sec [ext2/0/rel 1 (0,10000)] [*] you xi
[Wed Dec 12 16:22:39.088 2012] 0.000 sec [ext2/0/rel 1 (0,10000)] [*] you xi
[Wed Dec 12 16:22:39.238 2012] 0.000 sec [ext2/0/rel 1 (0,10000)] [*] you xi
[Wed Dec 12 16:22:39.453 2012] 0.000 sec [ext2/0/rel 1 (0,10000)] [*] you xi
[Wed Dec 12 16:22:39.580 2012] 0.000 sec [ext2/0/rel 1 (0,10000)] [*] you xi
[Wed Dec 12 16:52:49.947 2012] 0.000 sec [ext2/0/rel 0 (0,10000)] [*] you xi
[Wed Dec 12 16:52:52.047 2012] 0.000 sec [ext2/0/rel 0 (0,10000)] [*] you xi
[Wed Dec 12 16:52:53.091 2012] 0.000 sec [ext2/0/rel 0 (0,10000)] [*] you xi
[Wed Dec 12 16:52:53.290 2012] 0.000 sec [ext2/0/rel 0 (0,10000)] [*] you xi
[Wed Dec 12 16:52:53.555 2012] 0.000 sec [ext2/0/rel 0 (0,10000)] [*] you xi
[Wed Dec 12 16:52:53.787 2012] 0.000 sec [ext2/0/rel 0 (0,10000)] [*] you xi
[Wed Dec 12 16:52:53.975 2012] 0.000 sec [ext2/0/rel 0 (0,10000)] [*] you xi
[Wed Dec 12 16:52:54.160 2012] 0.000 sec [ext2/0/rel 0 (0,10000)] [*] you xi
[Wed Dec 12 16:59:44.476 2012] 0.000 sec [ext2/0/rel 1 (0,10000)] [*] you xi
[Wed Dec 12 16:59:45.107 2012] 0.000 sec [ext2/0/rel 1 (0,10000)] [*] you xi
[Wed Dec 12 16:59:45.267 2012] 0.000 sec [ext2/0/rel 1 (0,10000)] [*] you xi
[Wed Dec 12 16:59:45.476 2012] 0.000 sec [ext2/0/rel 1 (0,10000)] [*] you xi
[Wed Dec 12 17:04:38.089 2012] 0.000 sec [ext2/0/rel 1 (0,10000)] [*] you xi
[Wed Dec 12 17:04:38.603 2012] 0.000 sec [ext2/0/rel 1 (0,10000)] [*] you xi
[Wed Dec 12 17:04:38.759 2012] 0.000 sec [ext2/0/rel 1 (0,10000)] [*] you xi
[Wed Dec 12 17:15:08.898 2012] 0.000 sec [ext2/0/rel 1 (0,10000)] [*] you xi
[Wed Dec 12 17:15:09.626 2012] 0.000 sec [ext2/0/rel 1 (0,10000)] [*] you xi
[Wed Dec 12 17:15:09.850 2012] 0.000 sec [ext2/0/rel 1 (0,10000)] [*] you xi
[Wed Dec 12 17:15:10.082 2012] 0.000 sec [ext2/0/rel 1 (0,10000)] [*] you xi
[Wed Dec 12 17:15:10.346 2012] 0.000 sec [ext2/0/rel 1 (0,10000)] [*] you xi
[Wed Dec 12 17:15:29.871 2012] 0.001 sec [ext2/0/rel 0 (0,10000)] [*] dian nao
[Wed Dec 12 17:15:30.554 2012] 0.000 sec [ext2/0/rel 0 (0,10000)] [*] dian nao
[Wed Dec 12 17:15:30.759 2012] 0.000 sec [ext2/0/rel 0 (0,10000)] [*] dian nao
[Wed Dec 12 17:15:36.996 2012] 0.000 sec [ext2/0/rel 1 (0,10000)] [*] nao
[Wed Dec 12 17:15:37.688 2012] 0.000 sec [ext2/0/rel 1 (0,10000)] [*] nao
[Wed Dec 12 17:15:37.820 2012] 0.000 sec [ext2/0/rel 1 (0,10000)] [*] nao
[Wed Dec 12 17:15:54.177 2012] 0.000 sec [ext2/0/rel 2 (0,10000)] [*] jie shi
[Wed Dec 12 17:15:55.128 2012] 0.000 sec [ext2/0/rel 2 (0,10000)] [*] jie shi
[Wed Dec 12 17:17:56.070 2012] 0.000 sec [ext2/0/rel 0 (0,10000)] [*] php
[Wed Dec 12 17:17:56.631 2012] 0.000 sec [ext2/0/rel 0 (0,10000)] [*] php
[Wed Dec 12 17:17:56.862 2012] 0.000 sec [ext2/0/rel 0 (0,10000)] [*] php
[Wed Dec 12 17:17:57.025 2012] 0.000 sec [ext2/0/rel 0 (0,10000)] [*] php
[Wed Dec 12 17:18:03.538 2012] 0.000 sec [ext2/0/rel 1 (0,10000)] [*] php100
[Wed Dec 12 17:18:04.137 2012] 0.000 sec [ext2/0/rel 1 (0,10000)] [*] php100
[Wed Dec 12 17:18:04.276 2012] 0.000 sec [ext2/0/rel 1 (0,10000)] [*] php100
[Wed Dec 12 17:36:27.502 2012] 0.000 sec [ext2/0/rel 1 (0,10000)] [*] php100
[Wed Dec 12 17:36:28.164 2012] 0.000 sec [ext2/0/rel 1 (0,10000)] [*] php100
[Wed Dec 12 17:36:28.388 2012] 0.000 sec [ext2/0/rel 1 (0,10000)] [*] php100
[Wed Dec 12 17:36:53.242 2012] 0.000 sec [ext2/0/rel 0 (0,10000)] [*] ‰∫ë
[Wed Dec 12 17:36:53.818 2012] 0.000 sec [ext2/0/rel 0 (0,10000)] [*] ‰∫ë
[Wed Dec 12 17:36:54.041 2012] 0.000 sec [ext2/0/rel 0 (0,10000)] [*] ‰∫ë
[Wed Dec 12 17:36:54.227 2012] 0.000 sec [ext2/0/rel 0 (0,10000)] [*] ‰∫ë
[Wed Dec 12 17:39:05.370 2012] 0.000 sec [ext2/0/rel 0 (0,10000)] [*] ‰∫ë
[Wed Dec 12 17:39:05.854 2012] 0.000 sec [ext2/0/rel 0 (0,10000)] [*] ‰∫ë
[Wed Dec 12 17:39:06.110 2012] 0.000 sec [ext2/0/rel 0 (0,10000)] [*] ‰∫ë
[Wed Dec 12 17:39:06.308 2012] 0.000 sec [ext2/0/rel 0 (0,10000)] [*] ‰∫ë
[Wed Dec 12 17:39:06.500 2012] 0.000 sec [ext2/0/rel 0 (0,10000)] [*] ‰∫ë
[Wed Dec 12 17:39:06.677 2012] 0.000 sec [ext2/0/rel 0 (0,10000)] [*] ‰∫ë
[Wed Dec 12 17:39:06.858 2012] 0.000 sec [ext2/0/rel 0 (0,10000)] [*] ‰∫ë
[Wed Dec 12 17:39:14.412 2012] 0.000 sec [ext2/0/rel 0 (0,10000)] [*] ‰∫ëÂçó
[Wed Dec 12 17:39:14.854 2012] 0.000 sec [ext2/0/rel 0 (0,10000)] [*] ‰∫ëÂçó
[Wed Dec 12 17:39:15.362 2012] 0.000 sec [ext2/0/rel 0 (0,10000)] [*] ‰∫ëÂçó
[Wed Dec 12 17:39:15.588 2012] 0.000 sec [ext2/0/rel 0 (0,10000)] [*] ‰∫ëÂçó
[Wed Dec 12 17:39:15.998 2012] 0.000 sec [ext2/0/rel 0 (0,10000)] [*] ‰∫ëÂçó
[Wed Dec 12 17:39:16.152 2012] 0.000 sec [ext2/0/rel 0 (0,10000)] [*] ‰∫ëÂçó
[Wed Dec 12 17:39:16.310 2012] 0.000 sec [ext2/0/rel 0 (0,10000)] [*] ‰∫ëÂçó
[Wed Dec 12 17:41:05.742 2012] 0.000 sec [ext2/0/rel 0 (0,10000)] [*] ‰∫ëÂçó
[Wed Dec 12 17:41:07.578 2012] 0.000 sec [ext2/0/rel 0 (0,10000)] [*] ‰∫ëÂçó
[Wed Dec 12 17:41:07.765 2012] 0.000 sec [ext2/0/rel 0 (0,10000)] [*] ‰∫ëÂçó
[Wed Dec 12 17:41:07.949 2012] 0.000 sec [ext2/0/rel 0 (0,10000)] [*] ‰∫ëÂçó
[Wed Dec 12 17:41:08.130 2012] 0.000 sec [ext2/0/rel 0 (0,10000)] [*] ‰∫ëÂçó
[Wed Dec 12 17:41:08.327 2012] 0.000 sec [ext2/0/rel 0 (0,10000)] [*] ‰∫ëÂçó
[Wed Dec 12 17:41:08.518 2012] 0.000 sec [ext2/0/rel 0 (0,10000)] [*] ‰∫ëÂçó
[Wed Dec 12 17:41:08.711 2012] 0.000 sec [ext2/0/rel 0 (0,10000)] [*] ‰∫ëÂçó
[Wed Dec 12 17:41:08.893 2012] 0.000 sec [ext2/0/rel 0 (0,10000)] [*] ‰∫ëÂçó
[Wed Dec 12 17:41:09.051 2012] 0.000 sec [ext2/0/rel 0 (0,10000)] [*] ‰∫ëÂçó
[Wed Dec 12 17:44:32.509 2012] 0.000 sec [ext2/0/rel 1 (0,10000)] [*] ‰∫ëÂçó
[Wed Dec 12 17:44:43.013 2012] 0.000 sec [ext2/0/rel 0 (0,10000)] [*] ‰∫ë
[Wed Dec 12 17:44:43.552 2012] 0.000 sec [ext2/0/rel 0 (0,10000)] [*] ‰∫ë
[Wed Dec 12 17:44:43.755 2012] 0.000 sec [ext2/0/rel 0 (0,10000)] [*] ‰∫ë
[Wed Dec 12 17:45:02.799 2012] 0.000 sec [ext2/0/rel 1 (0,10000)] [*] ‰∫ëÂçóÁªìÁü≥ÁóÖ
[Wed Dec 12 17:45:03.299 2012] 0.000 sec [ext2/0/rel 1 (0,10000)] [*] ‰∫ëÂçóÁªìÁü≥ÁóÖ
[Wed Dec 12 17:45:03.572 2012] 0.000 sec [ext2/0/rel 1 (0,10000)] [*] ‰∫ëÂçóÁªìÁü≥ÁóÖ
[Wed Dec 12 17:45:03.706 2012] 0.000 sec [ext2/0/rel 1 (0,10000)] [*] ‰∫ëÂçóÁªìÁü≥ÁóÖ
[Wed Dec 12 19:50:47.780 2012] 0.060 sec [ext2/0/rel 1 (0,10000)] [*] ‰∫ëÂçóÁªìÁü≥ÁóÖ
[Wed Dec 12 20:09:57.778 2012] 0.039 sec [ext2/0/rel 1 (0,10000)] [*] ‰∫ëÂçóÁªìÁü≥ÁóÖ
[Wed Dec 12 20:09:58.562 2012] 0.000 sec [ext2/0/rel 1 (0,10000)] [*] ‰∫ëÂçóÁªìÁü≥ÁóÖ
[Wed Dec 12 20:09:58.776 2012] 0.000 sec [ext2/0/rel 1 (0,10000)] [*] ‰∫ëÂçóÁªìÁü≥ÁóÖ
[Wed Dec 12 20:09:58.942 2012] 0.000 sec [ext2/0/rel 1 (0,10000)] [*] ‰∫ëÂçóÁªìÁü≥ÁóÖ
[Wed Dec 12 20:11:52.664 2012] 0.000 sec [ext2/0/rel 1 (0,10000)] [*] ‰∫ëÂçóÁªìÁü≥ÁóÖ
[Wed Dec 12 20:11:53.321 2012] 0.000 sec [ext2/0/rel 1 (0,10000)] [*] ‰∫ëÂçóÁªìÁü≥ÁóÖ
[Wed Dec 12 20:11:53.569 2012] 0.000 sec [ext2/0/rel 1 (0,10000)] [*] ‰∫ëÂçóÁªìÁü≥ÁóÖ
[Wed Dec 12 20:11:53.723 2012] 0.000 sec [ext2/0/rel 1 (0,10000)] [*] ‰∫ëÂçóÁªìÁü≥ÁóÖ
[Wed Dec 12 20:11:53.927 2012] 0.000 sec [ext2/0/rel 1 (0,10000)] [*] ‰∫ëÂçóÁªìÁü≥ÁóÖ
[Wed Dec 12 20:11:54.256 2012] 0.000 sec [ext2/0/rel 1 (0,10000)] [*] ‰∫ëÂçóÁªìÁü≥ÁóÖ
[Wed Dec 12 20:12:13.694 2012] 0.001 sec [ext2/0/rel 1 (0,10000)] [*] ‰∫ëÂçóÁªìÁü≥ÁóÖ
[Wed Dec 12 20:12:14.129 2012] 0.000 sec [ext2/0/rel 1 (0,10000)] [*] ‰∫ëÂçóÁªìÁü≥ÁóÖ
[Wed Dec 12 20:12:14.334 2012] 0.000 sec [ext2/0/rel 1 (0,10000)] [*] ‰∫ëÂçóÁªìÁü≥ÁóÖ
[Wed Dec 12 20:12:14.506 2012] 0.000 sec [ext2/0/rel 1 (0,10000)] [*] ‰∫ëÂçóÁªìÁü≥ÁóÖ
[Wed Dec 12 20:12:14.709 2012] 0.000 sec [ext2/0/rel 1 (0,10000)] [*] ‰∫ëÂçóÁªìÁü≥ÁóÖ
[Wed Dec 12 20:12:14.866 2012] 0.001 sec [ext2/0/rel 1 (0,10000)] [*] ‰∫ëÂçóÁªìÁü≥ÁóÖ
[Wed Dec 12 20:14:27.849 2012] 0.000 sec [ext2/0/rel 0 (0,10000)] [*] ‰∫ëÂçóÁªìÁü≥ÁóÖ
[Wed Dec 12 20:14:28.464 2012] 0.000 sec [ext2/0/rel 0 (0,10000)] [*] ‰∫ëÂçóÁªìÁü≥ÁóÖ
[Wed Dec 12 20:14:51.252 2012] 0.001 sec [ext2/0/rel 2393 (0,10000)] [*] Á´ôÈïø
[Wed Dec 12 20:14:51.982 2012] 0.002 sec [ext2/0/rel 2393 (0,10000)] [*] Á´ôÈïø
[Wed Dec 12 20:14:58.895 2012] 0.002 sec [ext2/0/rel 2393 (0,10000)] [*] Á´ôÈïø
[Wed Dec 12 20:14:59.501 2012] 0.000 sec [ext2/0/rel 2393 (0,10000)] [*] Á´ôÈïø
[Wed Dec 12 20:15:00.158 2012] 0.002 sec [ext2/0/rel 2393 (0,10000)] [*] Á´ôÈïø
[Wed Dec 12 20:15:46.162 2012] 0.002 sec [ext2/0/rel 2393 (0,10000)] [*] Á´ôÈïø
[Wed Dec 12 20:15:46.837 2012] 0.002 sec [ext2/0/rel 2393 (0,10000)] [*] Á´ôÈïø
[Wed Dec 12 20:15:47.015 2012] 0.001 sec [ext2/0/rel 2393 (0,10000)] [*] Á´ôÈïø
[Wed Dec 12 20:15:47.216 2012] 0.000 sec [ext2/0/rel 2393 (0,10000)] [*] Á´ôÈïø
[Wed Dec 12 20:15:47.354 2012] 0.002 sec [ext2/0/rel 2393 (0,10000)] [*] Á´ôÈïø
[Wed Dec 12 20:15:47.575 2012] 0.001 sec [ext2/0/rel 2393 (0,10000)] [*] Á´ôÈïø
[Wed Dec 12 20:15:57.744 2012] 0.002 sec [ext2/0/rel 1102 (0,10000)] [*] Á´ôÈïø‰∏ãËΩΩ
[Wed Dec 12 20:15:58.414 2012] 0.002 sec [ext2/0/rel 1102 (0,10000)] [*] Á´ôÈïø‰∏ãËΩΩ
[Wed Dec 12 20:15:58.631 2012] 0.001 sec [ext2/0/rel 1102 (0,10000)] [*] Á´ôÈïø‰∏ãËΩΩ
[Wed Dec 12 20:15:58.801 2012] 0.001 sec [ext2/0/rel 1102 (0,10000)] [*] Á´ôÈïø‰∏ãËΩΩ
[Wed Dec 12 20:15:58.975 2012] 0.002 sec [ext2/0/rel 1102 (0,10000)] [*] Á´ôÈïø‰∏ãËΩΩ
[Wed Dec 12 20:17:49.873 2012] 0.002 sec [ext2/0/rel 1102 (0,10000)] [*] Á´ôÈïø‰∏ãËΩΩ
[Wed Dec 12 20:17:50.541 2012] 0.002 sec [ext2/0/rel 1102 (0,10000)] [*] Á´ôÈïø‰∏ãËΩΩ
[Wed Dec 12 20:17:51.111 2012] 0.002 sec [ext2/0/rel 1102 (0,10000)] [*] Á´ôÈïø‰∏ãËΩΩ
[Wed Dec 12 20:17:55.803 2012] 0.002 sec [ext2/0/rel 1102 (0,10000)] [*] Á´ôÈïø‰∏ãËΩΩ
[Wed Dec 12 20:18:24.070 2012] 0.002 sec [ext2/0/rel 1102 (0,10000)] [*] Á´ôÈïø‰∏ãËΩΩ
[Wed Dec 12 20:18:24.922 2012] 0.002 sec [ext2/0/rel 1102 (0,10000)] [*] Á´ôÈïø‰∏ãËΩΩ
[Wed Dec 12 20:18:34.881 2012] 0.001 sec [ext2/0/rel 1102 (0,10000)] [*] Á´ôÈïø‰∏ãËΩΩ
[Wed Dec 12 20:20:11.268 2012] 0.002 sec [ext2/0/rel 1102 (0,10000)] [*] Á´ôÈïø‰∏ãËΩΩ
[Wed Dec 12 20:35:31.255 2012] 0.002 sec [ext2/0/rel 1102 (0,10000)] [*] Á´ôÈïø‰∏ãËΩΩ
[Wed Dec 12 20:35:31.985 2012] 0.002 sec [ext2/0/rel 1102 (0,10000)] [*] Á´ôÈïø‰∏ãËΩΩ
[Wed Dec 12 20:35:32.676 2012] 0.002 sec [ext2/0/rel 1102 (0,10000)] [*] Á´ôÈïø‰∏ãËΩΩ
[Wed Dec 12 20:45:58.090 2012] 0.000 sec [ext2/0/rel 0 (0,20)] [*] ÁΩëÁªúÊêúÁ¥¢
[Wed Dec 12 20:46:32.020 2012] 0.000 sec [ext2/0/rel 1 (0,20)] [*] ‰∫ëÂçó
[Wed Dec 12 20:47:35.940 2012] 0.000 sec [ext2/0/rel 1 (0,20)] [*] ‰∫ëÂçó
[Wed Dec 12 20:47:36.512 2012] 0.000 sec [ext2/0/rel 1 (0,20)] [*] ‰∫ëÂçó
[Wed Dec 12 20:47:36.776 2012] 0.000 sec [ext2/0/rel 1 (0,20)] [*] ‰∫ëÂçó
[Wed Dec 12 20:47:36.972 2012] 0.000 sec [ext2/0/rel 1 (0,20)] [*] ‰∫ëÂçó
[Wed Dec 12 20:47:37.145 2012] 0.000 sec [ext2/0/rel 1 (0,20)] [*] ‰∫ëÂçó
[Wed Dec 12 20:47:37.327 2012] 0.000 sec [ext2/0/rel 1 (0,20)] [*] ‰∫ëÂçó
[Wed Dec 12 20:47:37.499 2012] 0.000 sec [ext2/0/rel 1 (0,20)] [*] ‰∫ëÂçó
[Wed Dec 12 20:47:37.685 2012] 0.000 sec [ext2/0/rel 1 (0,20)] [*] ‰∫ëÂçó
[Wed Dec 12 20:47:37.848 2012] 0.000 sec [ext2/0/rel 1 (0,20)] [*] ‰∫ëÂçó
[Wed Dec 12 20:48:01.321 2012] 0.000 sec [ext2/0/rel 1 (0,20)] [*] ‰∫ëÂçó
[Wed Dec 12 20:48:01.823 2012] 0.000 sec [ext2/0/rel 1 (0,20)] [*] ‰∫ëÂçó
[Wed Dec 12 20:48:02.060 2012] 0.000 sec [ext2/0/rel 1 (0,20)] [*] ‰∫ëÂçó
[Wed Dec 12 20:48:02.175 2012] 0.000 sec [ext2/0/rel 1 (0,20)] [*] ‰∫ëÂçó
[Wed Dec 12 20:48:14.818 2012] 0.000 sec [ext2/0/rel 1 (0,20)] [*] ‰∫ëÂçó
[Wed Dec 12 20:48:15.302 2012] 0.000 sec [ext2/0/rel 1 (0,20)] [*] ‰∫ëÂçó
[Wed Dec 12 20:48:15.508 2012] 0.000 sec [ext2/0/rel 1 (0,20)] [*] ‰∫ëÂçó
[Wed Dec 12 20:48:15.683 2012] 0.000 sec [ext2/0/rel 1 (0,20)] [*] ‰∫ëÂçó
[Wed Dec 12 20:48:15.906 2012] 0.000 sec [ext2/0/rel 1 (0,20)] [*] ‰∫ëÂçó
[Wed Dec 12 20:48:16.170 2012] 0.000 sec [ext2/0/rel 1 (0,20)] [*] ‰∫ëÂçó
[Wed Dec 12 20:49:28.072 2012] 0.000 sec [ext2/0/rel 1 (0,20)] [*] ‰∫ëÂçó
[Wed Dec 12 20:49:28.655 2012] 0.000 sec [ext2/0/rel 1 (0,20)] [*] ‰∫ëÂçó
[Wed Dec 12 20:49:28.860 2012] 0.000 sec [ext2/0/rel 1 (0,20)] [*] ‰∫ëÂçó
[Wed Dec 12 20:49:29.043 2012] 0.000 sec [ext2/0/rel 1 (0,20)] [*] ‰∫ëÂçó
[Wed Dec 12 20:51:03.282 2012] 0.000 sec [ext2/0/rel 5 (0,20)] [*]
[Wed Dec 12 20:51:04.005 2012] 0.000 sec [ext2/0/rel 5 (0,20)] [*]
[Wed Dec 12 20:51:48.437 2012] 0.000 sec [ext2/0/rel 5 (0,20)] [*]
[Wed Dec 12 20:51:49.098 2012] 0.000 sec [ext2/0/rel 5 (0,20)] [*]
[Wed Dec 12 20:51:49.536 2012] 0.000 sec [ext2/0/rel 5 (0,20)] [*]
[Wed Dec 12 20:51:49.725 2012] 0.000 sec [ext2/0/rel 5 (0,20)] [*]
[Wed Dec 12 20:51:50.046 2012] 0.000 sec [ext2/0/rel 5 (0,20)] [*]
[Wed Dec 12 20:54:02.727 2012] 0.000 sec [ext2/0/rel 3 (0,20)] [*] test
[Wed Dec 12 20:54:03.457 2012] 0.000 sec [ext2/0/rel 3 (0,20)] [*] test
[Wed Dec 12 20:54:03.729 2012] 0.000 sec [ext2/0/rel 3 (0,20)] [*] test
[Wed Dec 12 20:54:03.907 2012] 0.000 sec [ext2/0/rel 3 (0,20)] [*] test
[Wed Dec 12 20:59:58.093 2012] 0.000 sec [ext2/0/rel 1 (0,20)] [*] ‰∫ëÂçó
[Wed Dec 12 20:59:58.847 2012] 0.000 sec [ext2/0/rel 1 (0,20)] [*] ‰∫ëÂçó
[Wed Dec 12 20:59:59.363 2012] 0.000 sec [ext2/0/rel 1 (0,20)] [*] ‰∫ëÂçó
[Wed Dec 12 20:59:59.567 2012] 0.000 sec [ext2/0/rel 1 (0,20)] [*] ‰∫ëÂçó
[Wed Dec 12 20:59:59.750 2012] 0.000 sec [ext2/0/rel 1 (0,20)] [*] ‰∫ëÂçó
[Wed Dec 12 20:59:59.938 2012] 0.000 sec [ext2/0/rel 1 (0,20)] [*] ‰∫ëÂçó
[Wed Dec 12 21:00:00.119 2012] 0.000 sec [ext2/0/rel 1 (0,20)] [*] ‰∫ëÂçó
[Wed Dec 12 21:00:00.294 2012] 0.000 sec [ext2/0/rel 1 (0,20)] [*] ‰∫ëÂçó
[Wed Dec 12 21:00:23.009 2012] 0.000 sec [ext2/0/rel 3 (0,20)] [*] test
[Wed Dec 12 21:00:24.039 2012] 0.000 sec [ext2/0/rel 3 (0,20)] [*] test
[Wed Dec 12 21:00:46.805 2012] 0.000 sec [ext2/0/rel 0 (0,20)] [*] ‘∆ƒœ
[Wed Dec 12 21:03:18.231 2012] 0.000 sec [ext2/0/rel 0 (0,20)] [*] *
[Wed Dec 12 21:03:19.041 2012] 0.000 sec [ext2/0/rel 0 (0,20)] [*] *
[Wed Dec 12 21:03:19.459 2012] 0.000 sec [ext2/0/rel 0 (0,20)] [*] *
[Wed Dec 12 21:03:19.589 2012] 0.000 sec [ext2/0/rel 0 (0,20)] [*] *
[Wed Dec 12 21:03:19.830 2012] 0.000 sec [ext2/0/rel 0 (0,20)] [*] *
[Wed Dec 12 21:03:20.009 2012] 0.000 sec [ext2/0/rel 0 (0,20)] [*] *
[Wed Dec 12 21:03:23.813 2012] 0.000 sec [ext2/0/rel 0 (0,20)] [*] *
[Wed Dec 12 21:03:24.559 2012] 0.000 sec [ext2/0/rel 0 (0,20)] [*] *
[Wed Dec 12 21:03:24.752 2012] 0.000 sec [ext2/0/rel 0 (0,20)] [*] *
[Wed Dec 12 21:03:24.942 2012] 0.000 sec [ext2/0/rel 0 (0,20)] [*] *
[Wed Dec 12 21:03:25.119 2012] 0.000 sec [ext2/0/rel 0 (0,20)] [*] *
[Wed Dec 12 21:03:35.864 2012] 0.000 sec [ext2/0/rel 3 (0,20)] [*] test
[Wed Dec 12 21:03:36.698 2012] 0.000 sec [ext2/0/rel 3 (0,20)] [*] test
[Wed Dec 12 21:03:36.894 2012] 0.000 sec [ext2/0/rel 3 (0,20)] [*] test
[Wed Dec 12 21:03:37.066 2012] 0.000 sec [ext2/0/rel 3 (0,20)] [*] test
[Wed Dec 12 21:05:31.623 2012] 0.001 sec [ext2/0/rel 3 (0,20)] [*] test
[Wed Dec 12 21:06:31.255 2012] 0.000 sec [ext2/0/rel 3 (0,20)] [*] test
[Wed Dec 12 21:09:07.054 2012] 0.000 sec [ext2/0/rel 3 (0,20)] [*] test
[Wed Dec 12 21:13:23.831 2012] 0.000 sec [ext2/0/rel 3 (0,20)] [*] test
[Wed Dec 12 21:25:00.028 2012] 0.000 sec [ext2/0/rel 0 (0,10000)] [*] Á´ôÈïø‰∏ãËΩΩ
[Wed Dec 12 21:30:13.236 2012] 0.000 sec [ext2/0/rel 3 (0,10)] [*] test
[Wed Dec 12 21:30:13.995 2012] 0.000 sec [ext2/0/rel 3 (0,10)] [*] test
[Wed Dec 12 21:30:55.657 2012] 0.000 sec [ext2/0/rel 3 (0,10)] [*] test
[Wed Dec 12 21:30:56.433 2012] 0.000 sec [ext2/0/rel 3 (0,10)] [*] test
[Wed Dec 12 21:30:57.000 2012] 0.000 sec [ext2/0/rel 3 (0,10)] [*] test
[Wed Dec 12 21:30:57.293 2012] 0.000 sec [ext2/0/rel 3 (0,10)] [*] test
[Wed Dec 12 21:30:57.571 2012] 0.000 sec [ext2/0/rel 3 (0,10)] [*] test
[Wed Dec 12 21:30:57.827 2012] 0.000 sec [ext2/0/rel 3 (0,10)] [*] test
[Wed Dec 12 21:30:58.035 2012] 0.001 sec [ext2/0/rel 3 (0,10)] [*] test
[Wed Dec 12 21:30:58.201 2012] 0.000 sec [ext2/0/rel 3 (0,10)] [*] test
[Wed Dec 12 21:30:58.420 2012] 0.000 sec [ext2/0/rel 3 (0,10)] [*] test
[Wed Dec 12 21:30:58.815 2012] 0.000 sec [ext2/0/rel 3 (0,10)] [*] test
[Wed Dec 12 21:30:59.015 2012] 0.000 sec [ext2/0/rel 3 (0,10)] [*] test
[Wed Dec 12 21:30:59.219 2012] 0.000 sec [ext2/0/rel 3 (0,10)] [*] test
[Wed Dec 12 21:30:59.405 2012] 0.000 sec [ext2/0/rel 3 (0,10)] [*] test
[Wed Dec 12 21:30:59.612 2012] 0.000 sec [ext2/0/rel 3 (0,10)] [*] test
[Wed Dec 12 21:30:59.823 2012] 0.000 sec [ext2/0/rel 3 (0,10)] [*] test
[Wed Dec 12 21:30:59.976 2012] 0.000 sec [ext2/0/rel 3 (0,10)] [*] test
[Wed Dec 12 21:31:00.163 2012] 0.000 sec [ext2/0/rel 3 (0,10)] [*] test
[Wed Dec 12 21:31:00.404 2012] 0.000 sec [ext2/0/rel 3 (0,10)] [*] test
[Wed Dec 12 21:31:00.552 2012] 0.000 sec [ext2/0/rel 3 (0,10)] [*] test
[Wed Dec 12 21:31:00.749 2012] 0.000 sec [ext2/0/rel 3 (0,10)] [*] test
[Wed Dec 12 21:31:00.941 2012] 0.000 sec [ext2/0/rel 3 (0,10)] [*] test
[Wed Dec 12 21:31:01.195 2012] 0.000 sec [ext2/0/rel 3 (0,10)] [*] test
[Wed Dec 12 21:31:01.421 2012] 0.000 sec [ext2/0/rel 3 (0,10)] [*] test
[Wed Dec 12 21:31:01.853 2012] 0.000 sec [ext2/0/rel 3 (0,10)] [*] test
[Wed Dec 12 21:31:02.164 2012] 0.000 sec [ext2/0/rel 3 (0,10)] [*] test
[Wed Dec 12 21:32:36.234 2012] 0.000 sec [ext2/0/rel 3 (0,10)] [*] test
[Wed Dec 12 21:46:07.834 2012] 0.000 sec [ext2/0/rel 3 (0,20)] [*] test
[Wed Dec 12 21:46:08.575 2012] 0.000 sec [ext2/0/rel 3 (0,20)] [*] test
[Wed Dec 12 21:46:08.886 2012] 0.000 sec [ext2/0/rel 3 (0,20)] [*] test
[Wed Dec 12 21:46:09.023 2012] 0.000 sec [ext2/0/rel 3 (0,20)] [*] test
[Wed Dec 12 21:46:09.243 2012] 0.000 sec [ext2/0/rel 3 (0,20)] [*] test
[Wed Dec 12 21:46:52.078 2012] 0.000 sec [ext2/0/rel 3 (0,20)] [*] test
[Wed Dec 12 21:46:52.689 2012] 0.000 sec [ext2/0/rel 3 (0,20)] [*] test
[Wed Dec 12 21:46:52.926 2012] 0.000 sec [ext2/0/rel 3 (0,20)] [*] test
[Wed Dec 12 21:46:53.077 2012] 0.000 sec [ext2/0/rel 3 (0,20)] [*] test
[Wed Dec 12 21:46:53.255 2012] 0.000 sec [ext2/0/rel 3 (0,20)] [*] test
[Thu Dec 13 08:53:03.334 2012] 0.042 sec [ext2/0/rel 0 (0,10000)] [*] Á´ôÈïø‰∏ãËΩΩ
[Thu Dec 13 08:53:24.513 2012] 0.000 sec [ext2/0/rel 0 (0,10000)] [*] Á´ôÈïø‰∏ãËΩΩ
[Thu Dec 13 08:53:25.229 2012] 0.000 sec [ext2/0/rel 0 (0,10000)] [*] Á´ôÈïø‰∏ãËΩΩ
[Thu Dec 13 08:53:25.407 2012] 0.000 sec [ext2/0/rel 0 (0,10000)] [*] Á´ôÈïø‰∏ãËΩΩ
[Thu Dec 13 08:53:25.575 2012] 0.000 sec [ext2/0/rel 0 (0,10000)] [*] Á´ôÈïø‰∏ãËΩΩ
[Thu Dec 13 08:53:25.773 2012] 0.000 sec [ext2/0/rel 0 (0,10000)] [*] Á´ôÈïø‰∏ãËΩΩ
[Thu Dec 13 08:53:25.952 2012] 0.000 sec [ext2/0/rel 0 (0,10000)] [*] Á´ôÈïø‰∏ãËΩΩ
[Thu Dec 13 08:53:26.154 2012] 0.000 sec [ext2/0/rel 0 (0,10000)] [*] Á´ôÈïø‰∏ãËΩΩ
[Thu Dec 13 08:53:26.398 2012] 0.000 sec [ext2/0/rel 0 (0,10000)] [*] Á´ôÈïø‰∏ãËΩΩ
[Thu Dec 13 08:53:47.548 2012] 0.000 sec [ext2/0/rel 1 (0,10000)] [*] ‰∫ëÂçó
[Thu Dec 13 08:53:48.367 2012] 0.000 sec [ext2/0/rel 1 (0,10000)] [*] ‰∫ëÂçó
[Thu Dec 13 08:53:48.841 2012] 0.000 sec [ext2/0/rel 1 (0,10000)] [*] ‰∫ëÂçó
[Thu Dec 13 08:53:49.033 2012] 0.000 sec [ext2/0/rel 1 (0,10000)] [*] ‰∫ëÂçó
[Thu Dec 13 08:53:49.213 2012] 0.000 sec [ext2/0/rel 1 (0,10000)] [*] ‰∫ëÂçó
[Thu Dec 13 08:53:49.399 2012] 0.000 sec [ext2/0/rel 1 (0,10000)] [*] ‰∫ëÂçó
[Thu Dec 13 08:53:49.582 2012] 0.000 sec [ext2/0/rel 1 (0,10000)] [*] ‰∫ëÂçó
[Thu Dec 13 08:53:49.764 2012] 0.000 sec [ext2/0/rel 1 (0,10000)] [*] ‰∫ëÂçó
[Thu Dec 13 08:53:50.127 2012] 0.000 sec [ext2/0/rel 1 (0,10000)] [*] ‰∫ëÂçó
[Thu Dec 13 08:53:50.301 2012] 0.000 sec [ext2/0/rel 1 (0,10000)] [*] ‰∫ëÂçó
[Thu Dec 13 08:53:50.510 2012] 0.000 sec [ext2/0/rel 1 (0,10000)] [*] ‰∫ëÂçó
[Thu Dec 13 08:53:50.699 2012] 0.000 sec [ext2/0/rel 1 (0,10000)] [*] ‰∫ëÂçó
[Thu Dec 13 08:58:30.433 2012] 0.000 sec [ext2/0/rel 1 (0,10000)] [*] ‰∫ëÂçó
[Thu Dec 13 08:58:31.026 2012] 0.000 sec [ext2/0/rel 1 (0,10000)] [*] ‰∫ëÂçó
[Thu Dec 13 08:58:31.239 2012] 0.000 sec [ext2/0/rel 1 (0,10000)] [*] ‰∫ëÂçó
[Thu Dec 13 08:58:31.471 2012] 0.000 sec [ext2/0/rel 1 (0,10000)] [*] ‰∫ëÂçó
[Thu Dec 13 08:58:31.651 2012] 0.000 sec [ext2/0/rel 1 (0,10000)] [*] ‰∫ëÂçó
[Thu Dec 13 08:58:31.840 2012] 0.000 sec [ext2/0/rel 1 (0,10000)] [*] ‰∫ëÂçó
[Thu Dec 13 08:58:31.971 2012] 0.000 sec [ext2/0/rel 1 (0,10000)] [*] ‰∫ëÂçó
[Sun Dec 16 14:56:52.280 2012] 0.017 sec [ext2/0/rel 1 (0,10000)] [*] ‰∫ëÂçó
[Sun Dec 16 14:56:52.888 2012] 0.000 sec [ext2/0/rel 1 (0,10000)] [*] ‰∫ëÂçó
[Sun Dec 16 14:56:53.037 2012] 0.000 sec [ext2/0/rel 1 (0,10000)] [*] ‰∫ëÂçó
[Sun Dec 16 15:20:35.138 2012] 0.001 sec [ext2/0/rel 1 (0,10000)] [*] ‰∫ëÂçó
[Sun Dec 16 15:20:35.778 2012] 0.000 sec [ext2/0/rel 1 (0,10000)] [*] ‰∫ëÂçó
[Sun Dec 16 15:20:35.994 2012] 0.000 sec [ext2/0/rel 1 (0,10000)] [*] ‰∫ëÂçó
[Sun Dec 16 15:20:36.119 2012] 0.000 sec [ext2/0/rel 1 (0,10000)] [*] ‰∫ëÂçó
[Sun Dec 16 15:20:36.305 2012] 0.000 sec [ext2/0/rel 1 (0,10000)] [*] ‰∫ëÂçó
[Sun Dec 16 15:20:36.495 2012] 0.000 sec [ext2/0/rel 1 (0,10000)] [*] ‰∫ëÂçó
[Sun Dec 16 15:20:36.721 2012] 0.000 sec [ext2/0/rel 1 (0,10000)] [*] ‰∫ëÂçó
[Sun Dec 16 15:20:36.897 2012] 0.000 sec [ext2/0/rel 1 (0,10000)] [*] ‰∫ëÂçó
[Sun Dec 16 15:20:37.548 2012] 0.000 sec [ext2/0/rel 1 (0,10000)] [*] ‰∫ëÂçó
[Sun Dec 16 15:20:38.031 2012] 0.000 sec [ext2/0/rel 1 (0,10000)] [*] ‰∫ëÂçó
[Sun Dec 16 15:20:38.615 2012] 0.000 sec [ext2/0/rel 1 (0,10000)] [*] ‰∫ëÂçó
[Sun Dec 16 15:20:39.088 2012] 0.000 sec [ext2/0/rel 1 (0,10000)] [*] ‰∫ëÂçó
[Sun Dec 16 15:20:39.600 2012] 0.000 sec [ext2/0/rel 1 (0,10000)] [*] ‰∫ëÂçó
[Sun Dec 16 15:20:40.087 2012] 0.000 sec [ext2/0/rel 1 (0,10000)] [*] ‰∫ëÂçó
[Sun Dec 16 15:20:40.555 2012] 0.000 sec [ext2/0/rel 1 (0,10000)] [*] ‰∫ëÂçó
[Sun Dec 16 15:20:40.983 2012] 0.000 sec [ext2/0/rel 1 (0,10000)] [*] ‰∫ëÂçó
[Sun Dec 16 15:20:41.186 2012] 0.000 sec [ext2/0/rel 1 (0,10000)] [*] ‰∫ëÂçó
[Sun Dec 16 15:20:41.385 2012] 0.000 sec [ext2/0/rel 1 (0,10000)] [*] ‰∫ëÂçó
[Sun Dec 16 15:20:41.590 2012] 0.000 sec [ext2/0/rel 1 (0,10000)] [*] ‰∫ëÂçó
[Sun Dec 16 15:20:41.767 2012] 0.000 sec [ext2/0/rel 1 (0,10000)] [*] ‰∫ëÂçó
[Sun Dec 16 15:20:41.937 2012] 0.000 sec [ext2/0/rel 1 (0,10000)] [*] ‰∫ëÂçó
[Sun Dec 16 15:20:42.106 2012] 0.000 sec [ext2/0/rel 1 (0,10000)] [*] ‰∫ëÂçó
[Sun Dec 16 15:20:42.293 2012] 0.000 sec [ext2/0/rel 1 (0,10000)] [*] ‰∫ëÂçó
[Sun Dec 16 15:23:18.258 2012] 0.000 sec [ext2/0/rel 1 (0,10000)] [*] ‰∫ëÂçó
[Sun Dec 16 15:23:18.864 2012] 0.000 sec [ext2/0/rel 1 (0,10000)] [*] ‰∫ëÂçó
[Sun Dec 16 15:23:19.082 2012] 0.000 sec [ext2/0/rel 1 (0,10000)] [*] ‰∫ëÂçó
[Sun Dec 16 15:23:19.259 2012] 0.000 sec [ext2/0/rel 1 (0,10000)] [*] ‰∫ëÂçó
[Sun Dec 16 15:23:19.607 2012] 0.000 sec [ext2/0/rel 1 (0,10000)] [*] ‰∫ëÂçó
[Sun Dec 16 15:23:19.787 2012] 0.000 sec [ext2/0/rel 1 (0,10000)] [*] ‰∫ëÂçó
[Sun Dec 16 15:23:20.004 2012] 0.000 sec [ext2/0/rel 1 (0,10000)] [*] ‰∫ëÂçó
[Sun Dec 16 15:47:15.872 2012] 0.000 sec [ext2/0/rel 1 (0,10000)] [*] ‰∫ëÂçó
[Sun Dec 16 15:47:16.296 2012] 0.000 sec [ext2/0/rel 1 (0,10000)] [*] ‰∫ëÂçó
[Sun Dec 16 15:47:16.437 2012] 0.000 sec [ext2/0/rel 1 (0,10000)] [*] ‰∫ëÂçó
[Sun Dec 16 15:47:16.645 2012] 0.000 sec [ext2/0/rel 1 (0,10000)] [*] ‰∫ëÂçó
[Sun Dec 16 15:47:16.844 2012] 0.000 sec [ext2/0/rel 1 (0,10000)] [*] ‰∫ëÂçó
[Sun Dec 16 16:00:04.130 2012] 0.000 sec [ext2/0/rel 1 (0,10000)] [*] ‰∫ëÂçó
[Sun Dec 16 19:17:12.810 2012] 0.031 sec [ext2/0/rel 2 (0,10000)] [*] p
[Sun Dec 16 19:17:16.449 2012] 0.000 sec [ext2/0/rel 2 (0,10000)] [*] phpsou
[Sun Dec 16 19:31:25.355 2012] 0.000 sec [ext2/0/rel 2 (0,10000)] [*] p
[Sun Dec 16 19:31:28.338 2012] 0.000 sec [ext2/0/rel 0 (0,10000)] [*] php
[Sun Dec 16 19:31:34.547 2012] 0.000 sec [ext2/0/rel 2 (0,10000)] [*] phpsou
[Sun Dec 16 19:31:52.917 2012] 0.000 sec [ext2/0/rel 2 (0,10000)] [*] phpsou
[Sun Dec 16 19:31:58.114 2012] 0.000 sec [ext2/0/rel 1 (0,10000)] [*] Âí®ËØ¢
[Sun Dec 16 19:32:04.484 2012] 0.000 sec [ext2/0/rel 1 (0,10000)] [*] Âí®ËØ¢
[Sun Dec 16 19:32:55.116 2012] 0.000 sec [ext2/0/rel 2 (0,10000)] [*] p
[Sun Dec 16 19:33:12.031 2012] 0.000 sec [ext2/0/rel 1 (0,10000)] [*] ‰∫åÊ¨°ÂºÄÂèë
[Sun Dec 16 19:33:16.171 2012] 0.000 sec [ext2/0/rel 1 (0,10000)] [*] ‰∫åÊ¨°ÂºÄÂèëÂí®ËØ¢
[Sun Dec 16 19:33:18.382 2012] 0.000 sec [ext2/0/rel 0 (0,10000)] [*] 56
[Sun Dec 16 19:33:22.627 2012] 0.000 sec [ext2/0/rel 1 (0,10000)] [*] 568435757
[Sun Dec 16 19:33:33.468 2012] 0.000 sec [ext2/0/rel 1 (0,10000)] [*] 568435757
[Sun Dec 16 19:43:10.652 2012] 0.000 sec [ext2/0/rel 1 (0,10000)] [*] ‰∫åÊ¨°ÂºÄÂèë
[Sun Dec 16 19:57:56.410 2012] 0.000 sec [ext2/0/rel 2 (0,10000)] [*] p
[Sun Dec 16 20:05:33.786 2012] 0.000 sec [ext2/0/rel 2 (0,10000)] [*] p
[Sun Dec 16 20:05:41.174 2012] 0.000 sec [ext2/0/rel 1 (0,10000)] [*] ‰∫åÊ¨°ÂºÄÂèë
[Wed Jan 16 20:11:57.250 2013] 0.025 sec [ext2/0/rel 0 (0,20)] [*] test
[Wed Jan 16 20:12:01.033 2013] 0.000 sec [ext2/0/rel 0 (0,20)] [*] test
[Wed Jan 16 20:12:01.434 2013] 0.000 sec [ext2/0/rel 0 (0,20)] [*] test
[Wed Jan 16 20:12:01.605 2013] 0.000 sec [ext2/0/rel 0 (0,20)] [*] test
[Wed Jan 16 20:12:28.354 2013] 0.000 sec [ext2/0/rel 4 (0,10000)] [*] p
[Wed Jan 16 20:13:19.137 2013] 0.000 sec [ext2/0/rel 4 (0,10000)] [*] p
[Wed Jan 16 20:13:39.221 2013] 0.000 sec [ext2/0/rel 4 (0,10000)] [*] p
[Wed Jan 16 20:14:34.318 2013] 0.000 sec [ext2/0/rel 4 (0,10000)] [*] p
[Wed Jan 16 20:22:43.346 2013] 0.000 sec [ext2/0/rel 4 (0,10000)] [*] p
[Wed Jan 16 20:24:36.808 2013] 0.000 sec [ext2/0/rel 4 (0,10000)] [*] p
[Wed Jan 16 20:46:17.515 2013] 0.000 sec [ext2/0/rel 4 (0,10000)] [*] p
[Wed Jan 16 20:50:49.860 2013] 0.000 sec [ext2/0/rel 4 (0,10000)] [*] p
[Sun Feb 10 21:10:59.354 2013] 0.018 sec [ext2/0/rel 0 (0,20)] [*] test
[Sun Feb 10 21:11:05.775 2013] 0.000 sec [ext2/0/rel 0 (0,20)] [*] test
[Sun Feb 10 21:16:25.798 2013] 0.000 sec [ext2/0/rel 32 (0,10000)] [*] p
[Sun Feb 10 21:16:33.875 2013] 0.000 sec [ext2/0/rel 32 (0,10000)] [*] p
[Sun Feb 10 21:16:36.844 2013] 0.000 sec [ext2/0/rel 32 (0,10000)] [*] p
[Sun Feb 10 21:16:45.655 2013] 0.027 sec [ext2/0/rel 115494 (0,10000)] [*] http
[Sun Feb 10 21:16:50.068 2013] 0.000 sec [ext2/0/rel 18 (0,10000)] [*] w
[Sun Feb 10 21:16:53.892 2013] 0.000 sec [ext2/0/rel 32 (0,10000)] [*] p
[Sun Feb 10 21:16:56.655 2013] 0.000 sec [ext2/0/rel 31 (0,10000)] [*] q
[Sun Feb 10 21:16:58.527 2013] 0.000 sec [ext2/0/rel 102 (0,10000)] [*] e
[Sun Feb 10 21:17:00.253 2013] 0.000 sec [ext2/0/rel 18 (0,10000)] [*] w
[Sun Feb 10 21:17:02.803 2013] 0.000 sec [ext2/0/rel 76 (0,10000)] [*] d
[Sun Feb 10 21:17:04.302 2013] 0.000 sec [ext2/0/rel 20 (0,10000)] [*] f
[Sun Feb 10 21:17:06.583 2013] 0.000 sec [ext2/0/rel 75 (0,10000)] [*] g
[Sun Feb 10 21:17:08.742 2013] 0.000 sec [ext2/0/rel 51 (0,10000)] [*] h
[Sun Feb 10 21:17:10.107 2013] 0.000 sec [ext2/0/rel 170 (0,10000)] [*] b
[Sun Feb 10 21:17:12.260 2013] 0.000 sec [ext2/0/rel 51 (0,10000)] [*] h
[Sun Feb 10 21:17:14.236 2013] 0.000 sec [ext2/0/rel 70 (0,10000)] [*] a
[Sun Feb 10 21:17:16.060 2013] 0.000 sec [ext2/0/rel 29 (0,10000)] [*] z
[Sun Feb 10 21:17:17.221 2013] 0.000 sec [ext2/0/rel 32 (0,10000)] [*] x
[Sun Feb 10 21:17:29.716 2013] 0.000 sec [ext2/0/rel 429 (0,10000)] [*] qq
[Sun Feb 10 21:17:31.711 2013] 0.000 sec [ext2/0/rel 429 (0,10000)] [*] qq
[Sun Feb 10 21:17:33.521 2013] 0.000 sec [ext2/0/rel 70 (0,10000)] [*] a
[Sun Feb 10 21:18:24.621 2013] 0.000 sec [ext2/0/rel 429 (0,10000)] [*] qq
[Sun Feb 10 21:18:27.213 2013] 0.000 sec [ext2/0/rel 70 (0,10000)] [*] a
[Sun Feb 10 21:18:30.290 2013] 0.000 sec [ext2/0/rel 11 (0,10000)] [*] as
[Sun Feb 10 21:18:32.820 2013] 0.000 sec [ext2/0/rel 32 (0,10000)] [*] 12
[Sun Feb 10 21:18:35.898 2013] 0.000 sec [ext2/0/rel 11 (0,10000)] [*] as
[Sun Feb 10 21:32:16.084 2013] 0.000 sec [ext2/0/rel 32 (0,10)] [*] p
[Sun Feb 10 21:32:20.681 2013] 0.000 sec [ext2/0/rel 0 (0,10)] [*] qw
[Sun Feb 10 21:32:23.962 2013] 0.000 sec [ext2/0/rel 70 (0,10)] [*] a
[Sun Feb 10 21:32:39.406 2013] 0.000 sec [ext2/0/rel 254 (0,5)] [*] 1
[Sun Feb 10 21:32:45.306 2013] 0.000 sec [ext2/0/rel 254 (0,5)] [*] 1
[Sun Feb 10 21:32:46.624 2013] 0.000 sec [ext2/0/rel 254 (0,5)] [*] 1
[Sun Feb 10 21:34:37.536 2013] 0.000 sec [ext2/0/rel 31 (0,5)] [*] q
[Sun Feb 10 21:34:38.324 2013] 0.000 sec [ext2/0/rel 31 (0,5)] [*] q
[Sun Feb 10 21:34:39.092 2013] 0.000 sec [ext2/0/rel 31 (0,5)] [*] q
[Sun Feb 10 21:34:39.436 2013] 0.000 sec [ext2/0/rel 31 (0,5)] [*] q
[Sun Feb 10 21:34:53.603 2013] 0.000 sec [ext2/0/rel 31 (0,5)] [*] q
[Sun Feb 10 21:34:54.922 2013] 0.000 sec [ext2/0/rel 31 (0,5)] [*] q
[Sun Feb 10 21:34:56.676 2013] 0.000 sec [ext2/0/rel 53 (0,5)] [*] sd
[Sun Feb 10 21:34:59.157 2013] 0.000 sec [ext2/0/rel 32 (0,5)] [*] 12
[Sun Feb 10 21:35:01.933 2013] 0.000 sec [ext2/0/rel 11 (0,5)] [*] as
[Sun Feb 10 21:35:04.118 2013] 0.000 sec [ext2/0/rel 24 (0,5)] [*] zx
[Sun Feb 10 21:35:07.411 2013] 0.000 sec [ext2/0/rel 24 (0,5)] [*] zx
[Sun Feb 10 21:35:07.851 2013] 0.000 sec [ext2/0/rel 24 (0,5)] [*] zx
[Sun Feb 10 21:35:15.407 2013] 0.000 sec [ext2/0/rel 24 (5,5)] [*] zx
[Sun Feb 10 21:35:16.361 2013] 0.000 sec [ext2/0/rel 24 (5,5)] [*] zx
[Sun Feb 10 21:35:17.121 2013] 0.000 sec [ext2/0/rel 24 (5,5)] [*] zx
[Sun Feb 10 21:35:24.763 2013] 0.000 sec [ext2/0/rel 24 (0,5)] [*] zx
[Sun Feb 10 21:35:31.567 2013] 0.000 sec [ext2/0/rel 24 (4,5)] [*] zx
[Sun Feb 10 21:35:33.350 2013] 0.000 sec [ext2/0/rel 24 (4,5)] [*] zx
[Sun Feb 10 21:35:33.857 2013] 0.000 sec [ext2/0/rel 24 (4,5)] [*] zx
[Sun Feb 10 21:35:34.233 2013] 0.000 sec [ext2/0/rel 24 (4,5)] [*] zx
[Sun Feb 10 21:35:34.837 2013] 0.000 sec [ext2/0/rel 24 (4,5)] [*] zx
[Sun Feb 10 21:35:35.290 2013] 0.000 sec [ext2/0/rel 24 (4,5)] [*] zx
[Sun Feb 10 21:35:36.204 2013] 0.000 sec [ext2/0/rel 24 (4,5)] [*] zx
[Sun Feb 10 21:35:36.228 2013] 0.000 sec [ext2/0/rel 24 (4,5)] [*] zx
[Sun Feb 10 21:35:37.542 2013] 0.000 sec [ext2/0/rel 24 (4,5)] [*] zx
[Sun Feb 10 21:35:38.118 2013] 0.000 sec [ext2/0/rel 24 (4,5)] [*] zx
[Sun Feb 10 21:36:16.260 2013] 0.000 sec [ext2/0/rel 24 (4,5)] [*] zx
[Sun Feb 10 21:36:17.076 2013] 0.000 sec [ext2/0/rel 24 (4,5)] [*] zx
[Sun Feb 10 21:36:56.680 2013] 0.000 sec [ext2/0/rel 24 (4,5)] [*] zx
[Sun Feb 10 21:36:58.023 2013] 0.000 sec [ext2/0/rel 24 (4,5)] [*] zx
[Sun Feb 10 21:36:58.484 2013] 0.000 sec [ext2/0/rel 24 (4,5)] [*] zx
[Sun Feb 10 21:39:07.521 2013] 0.000 sec [ext2/0/rel 24 (4,5)] [*] zx
[Sun Feb 10 21:39:08.151 2013] 0.000 sec [ext2/0/rel 24 (4,5)] [*] zx
[Sun Feb 10 21:39:10.859 2013] 0.001 sec [ext2/0/rel 429 (4,5)] [*] qq
[Sun Feb 10 21:39:12.518 2013] 0.001 sec [ext2/0/rel 429 (4,5)] [*] qq
[Sun Feb 10 21:39:15.249 2013] 0.000 sec [ext2/0/rel 70 (4,5)] [*] a
[Sun Feb 10 21:39:17.824 2013] 0.000 sec [ext2/0/rel 0 (4,5)] [*] qw
[Sun Feb 10 21:39:20.680 2013] 0.000 sec [ext2/0/rel 24 (4,5)] [*] zx
[Sun Feb 10 21:39:22.947 2013] 0.000 sec [ext2/0/rel 24 (4,5)] [*] zx
[Sun Feb 10 21:39:24.618 2013] 0.001 sec [ext2/0/rel 448 (4,5)] [*] s
[Sun Feb 10 21:39:26.817 2013] 0.000 sec [ext2/0/rel 11 (4,5)] [*] as
[Sun Feb 10 21:39:40.142 2013] 0.000 sec [ext2/0/rel 1 (4,5)] [*] rr
[Sun Feb 10 21:39:45.076 2013] 0.010 sec [ext2/0/rel 115494 (4,5)] [*] http
[Sun Feb 10 21:39:51.845 2013] 0.000 sec [ext2/0/rel 0 (4,5)] [*] qw
[Sun Feb 10 21:39:55.191 2013] 0.000 sec [ext2/0/rel 32 (4,5)] [*] 12
[Sun Feb 10 21:39:57.495 2013] 0.000 sec [ext2/0/rel 3 (4,5)] [*] fg
[Sun Feb 10 21:40:01.852 2013] 0.000 sec [ext2/0/rel 24 (4,5)] [*] zx
[Sun Feb 10 21:40:05.051 2013] 0.000 sec [ext2/0/rel 1 (4,5)] [*] cv
[Sun Feb 10 21:40:09.162 2013] 0.000 sec [ext2/0/rel 11 (4,5)] [*] as
[Sun Feb 10 21:40:11.305 2013] 0.000 sec [ext2/0/rel 2 (4,5)] [*] bn
[Sun Feb 10 21:40:13.000 2013] 0.000 sec [ext2/0/rel 13 (4,5)] [*] hj
[Sun Feb 10 21:40:15.238 2013] 0.000 sec [ext2/0/rel 75 (4,5)] [*] g
[Sun Feb 10 21:40:18.659 2013] 0.000 sec [ext2/0/rel 31 (4,5)] [*] q
[Sun Feb 10 21:40:21.083 2013] 0.000 sec [ext2/0/rel 102 (4,5)] [*] e
[Sun Feb 10 21:40:22.535 2013] 0.000 sec [ext2/0/rel 18 (4,5)] [*] w
[Sun Feb 10 21:40:24.457 2013] 0.001 sec [ext2/0/rel 448 (4,5)] [*] s
[Sun Feb 10 21:40:26.829 2013] 0.000 sec [ext2/0/rel 29 (4,5)] [*] z
[Sun Feb 10 21:40:28.540 2013] 0.000 sec [ext2/0/rel 32 (4,5)] [*] x
[Sun Feb 10 21:40:45.414 2013] 0.000 sec [ext2/0/rel 32 (4,5)] [*] x
[Sun Feb 10 21:45:05.729 2013] 0.000 sec [ext2/0/rel 32 (4,5)] [*] x
[Sun Feb 10 21:49:56.788 2013] 0.000 sec [ext2/0/rel 32 (4,5)] [*] x
[Sun Feb 10 21:50:10.488 2013] 0.025 sec [ext2/0/rel 115494 (4,5)] [*] http
[Mon Feb 11 20:27:59.755 2013] 0.013 sec [ext2/0/rel 18 (0,20)] [*] test
[Mon Feb 11 20:28:14.187 2013] 0.000 sec [ext2/0/rel 151 (4,5)] [*] t
[Mon Feb 11 20:28:22.644 2013] 0.029 sec [ext2/0/rel 115494 (4,5)] [*] http
[Mon Feb 11 20:28:23.914 2013] 0.017 sec [ext2/0/rel 115494 (4,5)] [*] http
[Mon Feb 11 20:28:24.830 2013] 0.010 sec [ext2/0/rel 115494 (4,5)] [*] http
[Mon Feb 11 20:28:29.515 2013] 0.000 sec [ext2/0/rel 429 (4,5)] [*] qq
[Mon Feb 11 20:28:30.537 2013] 0.001 sec [ext2/0/rel 429 (4,5)] [*] qq
[Mon Feb 11 20:28:31.865 2013] 0.000 sec [ext2/0/rel 429 (4,5)] [*] qq
[Mon Feb 11 20:28:39.002 2013] 0.000 sec [ext2/0/rel 103 (4,5)] [*] wd
[Mon Feb 11 20:28:47.189 2013] 0.000 sec [ext2/0/rel 103 (4,5)] [*] wd
[Mon Feb 11 20:28:49.100 2013] 0.000 sec [ext2/0/rel 103 (4,5)] [*] wd
[Mon Feb 11 20:28:49.926 2013] 0.000 sec [ext2/0/rel 103 (4,5)] [*] wd
[Mon Feb 11 20:28:50.958 2013] 0.000 sec [ext2/0/rel 103 (4,5)] [*] wd
[Mon Feb 11 20:46:36.838 2013] 0.000 sec [ext2/0/rel 17 (4,5)] [*] dn
[Mon Feb 11 20:46:49.297 2013] 0.014 sec [ext2/0/rel 0 (4,5)] [*] ÁîµËÑë
[Mon Feb 11 20:47:50.568 2013] 0.000 sec [ext2/0/rel 1 (4,5)] [*] ÁîµËÑë
[Mon Feb 11 20:47:59.121 2013] 0.000 sec [ext2/0/rel 1 (4,5)] [*] ÁîµËÑë
[Mon Feb 11 20:48:18.590 2013] 0.000 sec [ext2/0/rel 2 (4,5)] [*] ËÆ¢ÈòÖ
[Mon Feb 11 20:49:01.545 2013] 0.000 sec [ext2/0/rel 2 (4,5)] [*] ËÆ¢ÈòÖ
[Mon Feb 11 20:49:40.006 2013] 0.000 sec [ext2/0/rel 2 (0,5)] [*] ËÆ¢ÈòÖ
[Mon Feb 11 20:49:48.801 2013] 0.000 sec [ext2/0/rel 21 (0,5)] [*] ÁΩë
[Mon Feb 11 20:50:04.648 2013] 0.000 sec [ext2/0/rel 21 (0,5)] [*] ÁΩë
[Mon Feb 11 20:50:06.037 2013] 0.000 sec [ext2/0/rel 21 (0,5)] [*] ÁΩë
[Mon Feb 11 20:50:12.056 2013] 0.000 sec [ext2/0/rel 1 (0,5)] [*] ÁîµËÑë
[Mon Feb 11 20:50:13.774 2013] 0.000 sec [ext2/0/rel 1 (0,5)] [*] ÁîµËÑë
[Mon Feb 11 20:50:14.814 2013] 0.000 sec [ext2/0/rel 1 (0,5)] [*] ÁîµËÑë
[Mon Feb 11 20:50:51.552 2013] 0.000 sec [ext2/0/rel 21 (0,5)] [*] ÁΩë
[Mon Feb 11 20:50:54.580 2013] 0.000 sec [ext2/0/rel 21 (0,5)] [*] ÁΩë
[Mon Feb 11 20:50:55.734 2013] 0.000 sec [ext2/0/rel 21 (0,5)] [*] ÁΩë
[Mon Feb 11 20:53:41.724 2013] 0.023 sec [ext2/0/rel 100100 (0,5)] [*] 1
[Mon Feb 11 20:53:48.026 2013] 0.027 sec [ext2/0/rel 115494 (0,5)] [*] http
[Mon Feb 11 20:53:52.460 2013] 0.000 sec [ext2/0/rel 32 (0,5)] [*] 123
[Mon Feb 11 20:53:54.918 2013] 0.000 sec [ext2/0/rel 11 (0,5)] [*] as
[Mon Feb 11 20:53:58.382 2013] 0.000 sec [ext2/0/rel 21 (0,5)] [*] ÁΩë
[Mon Feb 11 20:54:02.943 2013] 0.000 sec [ext2/0/rel 3 (0,5)] [*] Ê∏∏Êàè
[Mon Feb 11 20:54:06.158 2013] 0.000 sec [ext2/0/rel 2 (0,5)] [*] ÁΩëÁ´ô
[Mon Feb 11 20:54:10.196 2013] 0.000 sec [ext2/0/rel 32 (0,5)] [*] 123
[Mon Feb 11 20:54:13.523 2013] 0.000 sec [ext2/0/rel 11 (0,5)] [*] as
[Mon Feb 11 20:54:16.504 2013] 0.001 sec [ext2/0/rel 431 (0,5)] [*] qq
[Mon Feb 11 20:54:18.926 2013] 0.000 sec [ext2/0/rel 24 (0,5)] [*] zx
[Mon Feb 11 20:54:21.790 2013] 0.000 sec [ext2/0/rel 5 (0,5)] [*] rt
[Mon Feb 11 20:54:25.515 2013] 0.000 sec [ext2/0/rel 0 (0,5)] [*] vb
[Mon Feb 11 20:54:27.948 2013] 0.000 sec [ext2/0/rel 3 (0,5)] [*] fg
[Mon Feb 11 20:54:31.878 2013] 0.000 sec [ext2/0/rel 0 (0,5)] [*] :
[Mon Feb 11 20:54:37.216 2013] 0.000 sec [ext2/0/rel 21 (0,5)] [*] tt
[Mon Feb 11 20:54:43.498 2013] 0.026 sec [ext2/0/rel 115494 (0,5)] [*] http
[Mon Feb 11 20:54:46.164 2013] 0.015 sec [ext2/0/rel 115494 (0,5)] [*] http
[Mon Feb 11 20:54:46.795 2013] 0.027 sec [ext2/0/rel 115494 (0,5)] [*] http
[Mon Feb 11 20:54:47.344 2013] 0.011 sec [ext2/0/rel 115494 (0,5)] [*] http
[Mon Feb 11 20:54:47.757 2013] 0.026 sec [ext2/0/rel 115494 (0,5)] [*] http
[Mon Feb 11 20:54:48.340 2013] 0.026 sec [ext2/0/rel 115494 (0,5)] [*] http
[Mon Feb 11 20:54:48.744 2013] 0.026 sec [ext2/0/rel 115494 (0,5)] [*] http
[Mon Feb 11 20:54:49.111 2013] 0.026 sec [ext2/0/rel 115494 (0,5)] [*] http
[Mon Feb 11 20:55:02.721 2013] 0.029 sec [ext2/0/rel 115494 (0,5)] [*] http
[Mon Feb 11 20:55:03.536 2013] 0.026 sec [ext2/0/rel 115494 (0,5)] [*] http
[Mon Feb 11 20:55:05.224 2013] 0.000 sec [ext2/0/rel 13 (0,5)] [*] ss
[Mon Feb 11 20:55:07.044 2013] 0.000 sec [ext2/0/rel 53 (0,5)] [*] sd
[Mon Feb 11 20:55:09.106 2013] 0.000 sec [ext2/0/rel 11 (0,5)] [*] as
[Mon Feb 11 20:55:45.125 2013] 0.025 sec [ext2/0/rel 115494 (0,5)] [*] http
[Mon Feb 11 20:55:45.765 2013] 0.025 sec [ext2/0/rel 115494 (0,5)] [*] http
[Mon Feb 11 20:55:46.349 2013] 0.025 sec [ext2/0/rel 115494 (0,5)] [*] http
[Mon Feb 11 20:55:46.947 2013] 0.027 sec [ext2/0/rel 115494 (0,5)] [*] http
[Mon Feb 11 20:55:47.334 2013] 0.027 sec [ext2/0/rel 115494 (0,5)] [*] http
[Mon Feb 11 20:55:47.730 2013] 0.030 sec [ext2/0/rel 115494 (0,5)] [*] http
[Mon Feb 11 20:55:48.151 2013] 0.025 sec [ext2/0/rel 115494 (0,5)] [*] http
[Mon Feb 11 20:55:50.881 2013] 0.000 sec [ext2/0/rel 51 (0,5)] [*] h
[Mon Feb 11 20:55:54.741 2013] 0.000 sec [ext2/0/rel 11 (0,5)] [*] as
[Mon Feb 11 20:56:00.351 2013] 0.000 sec [ext2/0/rel 52 (0,5)] [*] help
[Mon Feb 11 20:56:03.874 2013] 0.000 sec [ext2/0/rel 52 (0,5)] [*] help
[Mon Feb 11 20:56:33.166 2013] 0.000 sec [ext2/0/rel 52 (0,5)] [*] help
[Mon Feb 11 20:57:35.868 2013] 0.000 sec [ext2/0/rel 52 (0,5)] [*] help
[Mon Feb 11 20:57:36.411 2013] 0.000 sec [ext2/0/rel 52 (0,5)] [*] help
[Mon Feb 11 20:57:36.852 2013] 0.000 sec [ext2/0/rel 52 (0,5)] [*] help
[Mon Feb 11 20:57:37.283 2013] 0.000 sec [ext2/0/rel 52 (0,5)] [*] help
[Mon Feb 11 20:57:37.724 2013] 0.000 sec [ext2/0/rel 52 (0,5)] [*] help
[Mon Feb 11 20:57:38.108 2013] 0.000 sec [ext2/0/rel 52 (0,5)] [*] help
[Mon Feb 11 20:57:38.518 2013] 0.000 sec [ext2/0/rel 52 (0,5)] [*] help
[Mon Feb 11 20:58:49.834 2013] 0.000 sec [ext2/0/rel 52 (0,5)] [*] help
[Mon Feb 11 20:58:52.546 2013] 0.001 sec [ext2/0/rel 431 (0,5)] [*] qq
[Mon Feb 11 20:59:07.146 2013] 0.000 sec [ext2/0/rel 431 (0,5)] [*] qq
[Mon Feb 11 20:59:07.920 2013] 0.000 sec [ext2/0/rel 431 (0,5)] [*] qq
[Mon Feb 11 20:59:08.450 2013] 0.000 sec [ext2/0/rel 431 (0,5)] [*] qq
[Mon Feb 11 20:59:08.908 2013] 0.001 sec [ext2/0/rel 431 (0,5)] [*] qq
[Mon Feb 11 20:59:09.291 2013] 0.001 sec [ext2/0/rel 431 (0,5)] [*] qq
[Mon Feb 11 20:59:39.107 2013] 0.000 sec [ext2/0/rel 431 (0,10)] [*] qq
[Mon Feb 11 20:59:39.860 2013] 0.000 sec [ext2/0/rel 431 (0,10)] [*] qq
[Mon Feb 11 20:59:40.389 2013] 0.001 sec [ext2/0/rel 431 (0,10)] [*] qq
[Mon Feb 11 20:59:40.792 2013] 0.001 sec [ext2/0/rel 431 (0,10)] [*] qq
[Mon Feb 11 20:59:41.236 2013] 0.000 sec [ext2/0/rel 431 (0,10)] [*] qq
[Mon Feb 11 20:59:54.947 2013] 0.000 sec [ext2/0/rel 32 (0,10)] [*] 12
[Mon Feb 11 21:00:01.877 2013] 0.000 sec [ext2/0/rel 21 (0,10)] [*] ÁΩë
[Mon Feb 11 21:00:04.549 2013] 0.000 sec [ext2/0/rel 21 (0,10)] [*] ÁΩë
[Mon Feb 11 21:04:11.149 2013] 0.000 sec [ext2/0/rel 431 (0,10)] [*] qq
[Mon Feb 11 21:04:15.394 2013] 0.014 sec [ext2/0/rel 115494 (0,10)] [*] http
[Mon Feb 11 21:09:29.295 2013] 0.000 sec [ext2/0/rel 431 (0,10)] [*] qq
[Mon Feb 11 21:09:34.999 2013] 0.000 sec [ext2/0/rel 534 (0,10)] [*] php
[Mon Feb 11 21:09:39.570 2013] 0.000 sec [ext2/0/rel 24 (0,10)] [*] aa
[Mon Feb 11 21:09:42.796 2013] 0.000 sec [ext2/0/rel 431 (0,10)] [*] qq
[Mon Feb 11 21:09:44.972 2013] 0.000 sec [ext2/0/rel 9 (0,10)] [*] ww
[Mon Feb 11 21:09:47.599 2013] 0.000 sec [ext2/0/rel 7 (0,10)] [*] ee
[Mon Feb 11 21:09:49.884 2013] 0.019 sec [ext2/0/rel 82087 (0,10)] [*] com
[Mon Feb 11 21:10:55.426 2013] 0.020 sec [ext2/0/rel 85 (0,10)] [*] www.piaohua.com
[Mon Feb 11 21:11:08.414 2013] 0.000 sec [ext2/0/rel 85 (0,10)] [*] piaohua.com
[Mon Feb 11 21:11:09.980 2013] 0.001 sec [ext2/0/rel 85 (0,10)] [*] piaohua.com
[Mon Feb 11 21:11:10.456 2013] 0.001 sec [ext2/0/rel 85 (0,10)] [*] piaohua.com
[Mon Feb 11 21:11:10.867 2013] 0.001 sec [ext2/0/rel 85 (0,10)] [*] piaohua.com
[Mon Feb 11 21:11:19.426 2013] 0.001 sec [ext2/0/rel 331 (0,10)] [*] www.a67.com
[Mon Feb 11 21:11:54.836 2013] 0.001 sec [ext2/0/rel 331 (0,10)] [*] www.a67.com
[Mon Feb 11 21:13:39.126 2013] 0.004 sec [ext2/0/rel 331 (0,10)] [*] www.a67.com
[Mon Feb 11 21:13:39.678 2013] 0.001 sec [ext2/0/rel 331 (0,10)] [*] www.a67.com
[Mon Feb 11 21:13:43.026 2013] 0.000 sec [ext2/0/rel 9 (0,10)] [*] ww
[Mon Feb 11 21:13:45.984 2013] 0.033 sec [ext2/0/rel 84992 (0,10)] [*] www
[Mon Feb 11 21:18:24.961 2013] 0.020 sec [ext2/0/rel 84992 (0,10)] [*] www
[Mon Feb 11 21:18:25.347 2013] 0.019 sec [ext2/0/rel 84992 (0,10)] [*] www
[Mon Feb 11 21:18:25.900 2013] 0.019 sec [ext2/0/rel 84992 (0,10)] [*] www
[Mon Feb 11 21:18:26.798 2013] 0.019 sec [ext2/0/rel 84992 (0,10)] [*] www
[Mon Feb 11 21:18:27.613 2013] 0.019 sec [ext2/0/rel 84992 (0,10)] [*] www
[Mon Feb 11 21:18:28.763 2013] 0.019 sec [ext2/0/rel 84992 (0,10)] [*] www
[Fri Feb 22 15:56:24.266 2013] 0.807 sec [ext2/0/rel 4 (0,10000)] [*] p
[Wed Mar 20 09:49:43.262 2013] 0.002 sec [ext2/0/rel 3579 (0,10000)] [*] ÁΩë
[Wed Mar 20 09:50:10.020 2013] 0.335 sec [ext2/0/rel 80 (0,10000)] [*] qq
[Wed Mar 20 09:50:23.799 2013] 0.000 sec [ext2/0/rel 101 (0,10000)] [*] ÁîµËÑë
[Wed Mar 20 09:50:26.421 2013] 0.002 sec [ext2/0/rel 3579 (0,10000)] [*] ÁΩë
[Wed Mar 20 09:50:29.063 2013] 0.000 sec [ext2/0/rel 2 (0,10000)] [*] php
[Wed Mar 20 09:58:37.355 2013] 0.000 sec [ext2/0/rel 2 (0,10000)] [*] php
[Wed Mar 20 09:58:39.991 2013] 0.002 sec [ext2/0/rel 3579 (0,10000)] [*] ÁΩë
[Wed Mar 20 10:32:04.881 2013] 0.000 sec [ext2/0/rel 3 (0,10000)] [*] php
[Wed Mar 20 10:33:11.047 2013] 0.002 sec [ext2/0/rel 3801 (0,10000)] [*] ÁΩë
[Wed Mar 20 10:48:04.788 2013] 0.001 sec [ext2/0/rel 3801 (0,10000)] [*] ÁΩë
[Wed Mar 20 10:48:17.693 2013] 0.001 sec [ext2/0/rel 3801 (0,10)] [*] ÁΩë
[Wed Mar 20 10:48:48.377 2013] 0.001 sec [ext2/0/rel 3801 (0,10)] [*] ÁΩë
[Wed Mar 20 10:48:53.298 2013] 0.001 sec [ext2/0/rel 3801 (0,10)] [*] ÁΩë
[Wed Mar 20 10:49:02.602 2013] 0.001 sec [ext2/0/rel 3801 (0,10)] [*] ÁΩë
[Wed Mar 20 11:44:04.107 2013] 0.001 sec [ext2/0/rel 3801 (0,10)] [*] ÁΩë
[Wed Mar 20 11:44:37.352 2013] 0.001 sec [ext2/0/rel 3801 (0,10)] [*] ÁΩë
[Wed Mar 20 11:44:38.306 2013] 0.001 sec [ext2/0/rel 3801 (0,10)] [*] ÁΩë
[Wed Mar 20 11:44:38.954 2013] 0.001 sec [ext2/0/rel 3801 (0,10)] [*] ÁΩë
[Wed Mar 20 11:44:42.076 2013] 0.000 sec [ext2/0/rel 1 (0,10)] [*] ÊúâÊàè
[Wed Mar 20 11:44:48.709 2013] 0.000 sec [ext2/0/rel 61 (0,10)] [*] ÂØºËà™
[Wed Mar 20 11:44:54.606 2013] 0.000 sec [ext2/0/rel 104 (0,10)] [*] ÁîµËÑë
[Wed Mar 20 11:45:08.181 2013] 0.000 sec [ext2/0/rel 61 (0,10)] [*] ÂØºËà™
[Wed Mar 20 11:45:18.044 2013] 0.000 sec [ext2/0/rel 0 (0,10)] [*] ÁΩëÁ´ôÊéíË°å
[Wed Mar 20 11:45:21.162 2013] 0.000 sec [ext2/0/rel 9 (0,10)] [*] ÁΩëÁ´ô ÊéíË°å
[Wed Mar 20 11:55:18.138 2013] 0.000 sec [ext2/0/rel 1 (0,10)] [*] ÊúâÊàè
[Wed Mar 20 11:55:22.924 2013] 0.001 sec [ext2/0/rel 3801 (0,10)] [*] ÁΩë
[Wed Mar 20 11:56:43.886 2013] 0.000 sec [ext2/0/rel 0 (0,10)] [*] ÁéãËµû
[Wed Mar 20 11:56:48.323 2013] 0.001 sec [ext2/0/rel 1605 (0,10)] [*] ÁΩëÁ´ô
[Wed Mar 20 12:01:27.237 2013] 0.000 sec [ext2/0/rel 3 (0,10)] [*] php
[Wed Mar 20 12:02:13.497 2013] 0.000 sec [ext2/0/rel 3 (0,10)] [*] php
[Wed Mar 20 12:02:17.808 2013] 0.000 sec [ext2/0/rel 1 (0,10)] [*] phpÁ©∫Èó¥
[Wed Mar 20 13:03:04.743 2013] 0.001 sec [ext2/0/rel 3801 (0,10)] [*] ÁΩë
[Wed Mar 20 13:04:13.480 2013] 0.001 sec [ext2/0/rel 3801 (0,10)] [*] ÁΩë
[Wed Mar 20 13:04:14.465 2013] 0.001 sec [ext2/0/rel 3801 (0,10)] [*] ÁΩë
[Wed Mar 20 13:04:17.158 2013] 0.001 sec [ext2/0/rel 3801 (0,10)] [*] ÁΩë
[Wed Mar 20 13:05:39.527 2013] 0.001 sec [ext2/0/rel 3801 (0,10)] [*] ÁΩë
[Wed Mar 20 13:05:50.896 2013] 0.001 sec [ext2/0/rel 3801 (0,10)] [*] ÁΩë
[Wed Mar 20 13:06:02.850 2013] 0.001 sec [ext2/0/rel 3801 (0,10)] [*] ÁΩë
[Wed Mar 20 13:06:30.844 2013] 0.002 sec [ext2/0/rel 3801 (0,10)] [*] ÁΩë
[Wed Mar 20 13:08:21.603 2013] 0.001 sec [ext2/0/rel 3801 (0,10)] [*] ÁΩë
[Wed Mar 20 13:09:51.234 2013] 0.001 sec [ext2/0/rel 3801 (0,10)] [*] ÁΩë
[Wed Mar 20 13:11:13.583 2013] 0.001 sec [ext2/0/rel 3801 (0,10)] [*] ÁΩë
[Wed Mar 20 13:11:18.733 2013] 0.001 sec [ext2/0/rel 3801 (0,10)] [*] ÁΩë
[Wed Mar 20 13:11:21.737 2013] 0.001 sec [ext2/0/rel 3801 (0,10)] [*] ÁΩë
[Wed Mar 20 13:12:22.124 2013] 0.001 sec [ext2/0/rel 3801 (0,10)] [*] ÁΩë
[Wed Mar 20 13:12:28.229 2013] 0.001 sec [ext2/0/rel 3801 (10,10)] [*] ÁΩë
[Wed Mar 20 13:12:31.566 2013] 0.001 sec [ext2/0/rel 3801 (20,10)] [*] ÁΩë
[Wed Mar 20 13:12:33.725 2013] 0.001 sec [ext2/0/rel 3801 (0,10)] [*] ÁΩë
[Wed Mar 20 13:12:55.185 2013] 0.001 sec [ext2/0/rel 3801 (0,10)] [*] ÁΩë
[Wed Mar 20 13:12:56.373 2013] 0.001 sec [ext2/0/rel 3801 (0,10)] [*] ÁΩë
[Wed Mar 20 13:12:57.923 2013] 0.001 sec [ext2/0/rel 3801 (10,10)] [*] ÁΩë
[Wed Mar 20 13:12:59.272 2013] 0.001 sec [ext2/0/rel 3801 (20,10)] [*] ÁΩë
[Wed Mar 20 13:13:01.462 2013] 0.001 sec [ext2/0/rel 3801 (30,10)] [*] ÁΩë
[Wed Mar 20 13:13:03.230 2013] 0.001 sec [ext2/0/rel 3801 (40,10)] [*] ÁΩë
[Wed Mar 20 13:13:05.286 2013] 0.001 sec [ext2/0/rel 3801 (50,10)] [*] ÁΩë
[Wed Mar 20 13:13:11.966 2013] 0.000 sec [ext2/0/rel 1605 (0,10)] [*] ÁΩëÁ´ô
[Wed Mar 20 13:13:14.850 2013] 0.001 sec [ext2/0/rel 1605 (10,10)] [*] ÁΩëÁ´ô
[Wed Mar 20 13:13:16.346 2013] 0.001 sec [ext2/0/rel 1605 (20,10)] [*] ÁΩëÁ´ô
[Wed Mar 20 13:13:17.985 2013] 0.001 sec [ext2/0/rel 1605 (30,10)] [*] ÁΩëÁ´ô
[Wed Mar 20 13:14:21.954 2013] 0.001 sec [ext2/0/rel 1605 (0,10)] [*] ÁΩëÁ´ô
[Wed Mar 20 13:14:35.517 2013] 0.001 sec [ext2/0/rel 3801 (0,10)] [*] ÁΩë
[Wed Mar 20 13:14:43.134 2013] 0.000 sec [ext2/0/rel 154 (0,10)] [*] Ë¥≠Áâ©
[Wed Mar 20 13:15:07.005 2013] 0.000 sec [ext2/0/rel 104 (0,10)] [*] ÁîµËÑë
[Wed Mar 20 13:15:09.349 2013] 0.000 sec [ext2/0/rel 104 (10,10)] [*] ÁîµËÑë
[Wed Mar 20 13:15:10.958 2013] 0.000 sec [ext2/0/rel 104 (20,10)] [*] ÁîµËÑë
[Wed Mar 20 13:15:16.104 2013] 0.000 sec [ext2/0/rel 20 (0,10)] [*] ‰∫ëÂçó
[Wed Mar 20 13:15:28.292 2013] 0.000 sec [ext2/0/rel 26 (0,10)] [*] ‰∫ëÂçó
[Wed Mar 20 13:15:32.552 2013] 0.000 sec [ext2/0/rel 81 (0,10)] [*] ÁÇπ
[Wed Mar 20 13:15:40.025 2013] 0.000 sec [ext2/0/rel 48 (0,10)] [*] ‰∫öÊ¥≤
[Wed Mar 20 13:15:51.944 2013] 0.000 sec [ext2/0/rel 26 (0,10)] [*] ‰∫ëÂçó
[Wed Mar 20 13:16:39.077 2013] 0.000 sec [ext2/0/rel 26 (0,10)] [*] ‰∫ëÂçó
[Wed Mar 20 13:17:11.456 2013] 0.000 sec [ext2/0/rel 26 (0,10)] [*] ‰∫ëÂçó
[Wed Mar 20 13:17:12.538 2013] 0.000 sec [ext2/0/rel 26 (0,10)] [*] ‰∫ëÂçó
[Wed Mar 20 13:18:18.595 2013] 0.000 sec [ext2/0/rel 26 (0,10)] [*] ‰∫ëÂçó
[Wed Mar 20 13:18:38.204 2013] 0.000 sec [ext2/0/rel 26 (0,10)] [*] ‰∫ëÂçó
[Wed Mar 20 13:18:40.286 2013] 0.000 sec [ext2/0/rel 26 (0,10)] [*] ‰∫ëÂçó
[Wed Mar 20 13:18:41.157 2013] 0.000 sec [ext2/0/rel 26 (0,10)] [*] ‰∫ëÂçó
[Wed Mar 20 13:18:44.147 2013] 0.000 sec [ext2/0/rel 0 (0,10)] [*] wang 
[Wed Mar 20 13:18:46.397 2013] 0.000 sec [ext2/0/rel 0 (0,10)] [*] wang 
[Wed Mar 20 13:18:48.201 2013] 0.000 sec [ext2/0/rel 0 (0,10)] [*] wang 
[Wed Mar 20 13:18:53.696 2013] 0.000 sec [ext2/0/rel 0 (0,10)] [*] ÊòÇ
[Wed Mar 20 13:18:58.644 2013] 0.001 sec [ext2/0/rel 4577 (0,10)] [*] ÁΩë
[Wed Mar 20 13:19:00.276 2013] 0.001 sec [ext2/0/rel 4577 (0,10)] [*] ÁΩë
[Wed Mar 20 13:19:20.869 2013] 0.001 sec [ext2/0/rel 4577 (0,10)] [*] ÁΩë
[Wed Mar 20 13:19:24.034 2013] 0.000 sec [ext2/0/rel 26 (0,10)] [*] ‰∫ëÂçó
[Wed Mar 20 13:19:26.170 2013] 0.001 sec [ext2/0/rel 4577 (0,10)] [*] ÁΩë
[Wed Mar 20 13:19:29.278 2013] 0.001 sec [ext2/0/rel 4577 (90,10)] [*] ÁΩë
[Wed Mar 20 13:19:31.526 2013] 0.001 sec [ext2/0/rel 4577 (0,10)] [*] ÁΩë
[Wed Mar 20 13:19:34.605 2013] 0.001 sec [ext2/0/rel 4577 (90,10)] [*] ÁΩë
[Wed Mar 20 13:19:40.822 2013] 0.001 sec [ext2/0/rel 1077 (0,10)] [*] Ê∏∏Êàè
[Wed Mar 20 13:19:43.550 2013] 0.000 sec [ext2/0/rel 1077 (0,10)] [*] Ê∏∏Êàè
[Wed Mar 20 13:19:48.386 2013] 0.001 sec [ext2/0/rel 1077 (90,10)] [*] Ê∏∏Êàè
[Wed Mar 20 13:19:55.503 2013] 0.001 sec [ext2/0/rel 2127 (0,10)] [*] ÁΩëÁ´ô
[Wed Mar 20 13:22:07.958 2013] 0.001 sec [ext2/0/rel 2127 (0,10)] [*] ÁΩëÁ´ô
[Wed Mar 20 13:22:10.872 2013] 0.001 sec [ext2/0/rel 2127 (10,10)] [*] ÁΩëÁ´ô
[Wed Mar 20 13:22:12.459 2013] 0.001 sec [ext2/0/rel 2127 (90,10)] [*] ÁΩëÁ´ô
[Wed Mar 20 13:22:13.911 2013] 0.001 sec [ext2/0/rel 2127 (130,10)] [*] ÁΩëÁ´ô
[Wed Mar 20 13:22:15.216 2013] 0.001 sec [ext2/0/rel 2127 (170,10)] [*] ÁΩëÁ´ô
[Wed Mar 20 13:22:17.206 2013] 0.001 sec [ext2/0/rel 2127 (210,10)] [*] ÁΩëÁ´ô
[Wed Mar 20 13:22:18.763 2013] 0.001 sec [ext2/0/rel 2127 (250,10)] [*] ÁΩëÁ´ô
[Wed Mar 20 13:22:20.801 2013] 0.001 sec [ext2/0/rel 2127 (290,10)] [*] ÁΩëÁ´ô
[Wed Mar 20 13:22:22.808 2013] 0.001 sec [ext2/0/rel 2127 (330,10)] [*] ÁΩëÁ´ô
[Wed Mar 20 13:22:24.381 2013] 0.001 sec [ext2/0/rel 2127 (370,10)] [*] ÁΩëÁ´ô
[Wed Mar 20 13:22:26.159 2013] 0.001 sec [ext2/0/rel 2127 (410,10)] [*] ÁΩëÁ´ô
[Wed Mar 20 13:22:27.433 2013] 0.000 sec [ext2/0/rel 2127 (450,10)] [*] ÁΩëÁ´ô
[Wed Mar 20 13:22:29.445 2013] 0.001 sec [ext2/0/rel 2127 (490,10)] [*] ÁΩëÁ´ô
[Wed Mar 20 13:26:36.368 2013] 0.001 sec [ext2/0/rel 4577 (0,10)] [*] ÁΩë
[Wed Mar 20 13:26:41.342 2013] 0.001 sec [ext2/0/rel 4577 (10,10)] [*] ÁΩë
[Wed Mar 20 13:36:31.420 2013] 0.001 sec [ext2/0/rel 4577 (0,10)] [*] ÁΩë
[Wed Mar 20 13:37:05.704 2013] 0.000 sec [ext2/0/rel 0 (0,10)] [*] 234234234
[Wed Mar 20 13:37:12.868 2013] 0.001 sec [ext2/0/rel 2127 (0,10)] [*] ÁΩëÁ´ô
[Wed Mar 20 13:37:24.015 2013] 0.001 sec [ext2/0/rel 2127 (0,10)] [*] ÁΩëÁ´ô
[Wed Mar 20 13:37:26.112 2013] 0.000 sec [ext2/0/rel 2127 (10,10)] [*] ÁΩëÁ´ô
[Wed Mar 20 13:37:33.972 2013] 0.000 sec [ext2/0/rel 125 (0,10)] [*] ÁîµËÑë
[Wed Mar 20 13:44:53.908 2013] 0.000 sec [ext2/0/rel 5 (0,10)] [*] php
[Wed Mar 20 13:45:01.772 2013] 0.000 sec [ext2/0/rel 125 (0,10)] [*] ÁîµËÑë
[Wed Mar 20 13:45:04.671 2013] 0.000 sec [ext2/0/rel 125 (10,10)] [*] ÁîµËÑë
[Wed Mar 20 13:45:24.259 2013] 0.001 sec [ext2/0/rel 2127 (0,10)] [*] ÁΩëÁ´ô
[Wed Mar 20 13:45:26.695 2013] 0.001 sec [ext2/0/rel 2127 (90,10)] [*] ÁΩëÁ´ô
[Wed Mar 20 13:47:45.554 2013] 0.000 sec [ext2/0/rel 5 (0,10)] [*] php
[Wed Mar 20 13:48:18.497 2013] 0.000 sec [ext2/0/rel 125 (0,10)] [*] ÁîµËÑë
[Wed Mar 20 13:48:21.009 2013] 0.000 sec [ext2/0/rel 125 (10,10)] [*] ÁîµËÑë
[Wed Mar 20 13:48:55.885 2013] 0.000 sec [ext2/0/rel 5 (0,10)] [*] php
[Wed Mar 20 13:52:59.667 2013] 0.000 sec [ext2/0/rel 5 (0,10)] [*] php
[Wed Mar 20 13:55:52.689 2013] 0.000 sec [ext2/0/rel 5 (0,10)] [*] php
[Wed Mar 20 13:55:53.874 2013] 0.000 sec [ext2/0/rel 5 (0,10)] [*] php
[Wed Mar 20 13:56:35.354 2013] 0.000 sec [ext2/0/rel 5 (0,10)] [*] php
[Wed Mar 20 13:56:45.216 2013] 0.000 sec [ext2/0/rel 5 (0,10)] [*] php
[Wed Mar 20 13:57:05.718 2013] 0.000 sec [ext2/0/rel 5 (0,10)] [*] php
[Wed Mar 20 13:57:36.530 2013] 0.000 sec [ext2/0/rel 5 (0,10)] [*] php
[Wed Mar 20 13:57:38.735 2013] 0.000 sec [ext2/0/rel 5 (0,10)] [*] php
[Wed Mar 20 13:58:22.093 2013] 0.000 sec [ext2/0/rel 5 (0,10)] [*] php
[Wed Mar 20 13:58:23.021 2013] 0.000 sec [ext2/0/rel 5 (0,10)] [*] php
[Wed Mar 20 13:58:48.420 2013] 0.000 sec [ext2/0/rel 0 (0,10)] [*] ph
[Wed Mar 20 13:58:51.817 2013] 0.000 sec [ext2/0/rel 199 (0,10)] [*] p
[Wed Mar 20 13:58:51.966 2013] 0.000 sec [ext2/0/rel 199 (0,10)] [*] p
[Wed Mar 20 14:02:13.421 2013] 0.002 sec [ext2/0/rel 2127 (0,10)] [*] ÁΩëÁ´ô
[Wed Mar 20 14:02:27.913 2013] 0.001 sec [ext2/0/rel 2127 (10,10)] [*] ÁΩëÁ´ô
[Wed Mar 20 14:03:03.013 2013] 0.000 sec [ext2/0/rel 2127 (0,10)] [*] ÁΩëÁ´ô
[Wed Mar 20 14:03:03.948 2013] 0.000 sec [ext2/0/rel 2127 (0,10)] [*] ÁΩëÁ´ô
[Wed Mar 20 14:03:04.807 2013] 0.001 sec [ext2/0/rel 2127 (0,10)] [*] ÁΩëÁ´ô
[Wed Mar 20 14:03:11.375 2013] 0.001 sec [ext2/0/rel 2127 (0,10)] [*] ÁΩëÁ´ô
[Wed Mar 20 14:03:21.911 2013] 0.001 sec [ext2/0/rel 2127 (0,10)] [*] ÁΩëÁ´ô
[Wed Mar 20 14:03:40.159 2013] 0.001 sec [ext2/0/rel 2127 (0,10)] [*] ÁΩëÁ´ô
[Wed Mar 20 14:03:49.476 2013] 0.001 sec [ext2/0/rel 2127 (0,10)] [*] ÁΩëÁ´ô
[Wed Mar 20 14:03:51.952 2013] 0.001 sec [ext2/0/rel 2127 (0,10)] [*] ÁΩëÁ´ô
[Wed Mar 20 14:03:59.677 2013] 0.001 sec [ext2/0/rel 2127 (0,10)] [*] ÁΩëÁ´ô
[Wed Mar 20 14:04:01.431 2013] 0.001 sec [ext2/0/rel 2127 (0,10)] [*] ÁΩëÁ´ô
[Wed Mar 20 14:04:23.803 2013] 0.001 sec [ext2/0/rel 2127 (0,10)] [*] ÁΩëÁ´ô
[Wed Mar 20 14:04:31.979 2013] 0.000 sec [ext2/0/rel 5 (0,10)] [*] php
[Wed Mar 20 14:04:32.115 2013] 0.000 sec [ext2/0/rel 5 (0,10)] [*] php
[Wed Mar 20 14:04:40.258 2013] 0.001 sec [ext2/0/rel 4577 (0,10)] [*] ÁΩë
[Wed Mar 20 14:04:44.202 2013] 0.001 sec [ext2/0/rel 4577 (10,10)] [*] ÁΩë
[Wed Mar 20 14:04:46.286 2013] 0.001 sec [ext2/0/rel 4577 (20,10)] [*] ÁΩë
[Wed Mar 20 14:04:53.312 2013] 0.000 sec [ext2/0/rel 34 (0,10)] [*] ‰∫∫ÊâçÁΩë
[Wed Mar 20 14:04:59.063 2013] 0.001 sec [ext2/0/rel 4577 (0,10)] [*] ÁΩë
[Wed Mar 20 14:05:10.512 2013] 0.000 sec [ext2/0/rel 125 (0,10)] [*] ÁîµËÑë
[Wed Mar 20 14:05:14.291 2013] 0.000 sec [ext2/0/rel 125 (90,10)] [*] ÁîµËÑë
[Wed Mar 20 14:05:16.620 2013] 0.000 sec [ext2/0/rel 125 (120,10)] [*] ÁîµËÑë
[Wed Mar 20 14:05:22.569 2013] 0.000 sec [ext2/0/rel 125 (0,10)] [*] ÁîµËÑë
[Wed Mar 20 14:05:24.643 2013] 0.000 sec [ext2/0/rel 125 (90,10)] [*] ÁîµËÑë
[Wed Mar 20 14:05:32.626 2013] 0.001 sec [ext2/0/rel 2127 (0,10)] [*] ÁΩëÁ´ô
[Wed Mar 20 14:05:35.308 2013] 0.001 sec [ext2/0/rel 2127 (90,10)] [*] ÁΩëÁ´ô
[Wed Mar 20 14:43:06.600 2013] 0.015 sec [ext2/0/rel 5 (0,10)] [*] php
[Wed Mar 20 14:43:13.855 2013] 0.001 sec [ext2/0/rel 4787 (0,10)] [*] ÁΩë
[Wed Mar 20 14:43:16.474 2013] 0.001 sec [ext2/0/rel 4787 (10,10)] [*] ÁΩë
[Wed Mar 20 14:43:20.948 2013] 0.001 sec [ext2/0/rel 4787 (90,10)] [*] ÁΩë
[Wed Mar 20 14:43:26.077 2013] 0.000 sec [ext2/0/rel 134 (0,10)] [*] qq
[Wed Mar 20 14:43:38.535 2013] 0.000 sec [ext2/0/rel 131 (0,10)] [*] ÁîµËÑë
[Wed Mar 20 14:44:10.614 2013] 0.000 sec [ext2/0/rel 5 (0,10)] [*] php
[Wed Mar 20 14:46:25.362 2013] 0.000 sec [ext2/0/rel 5 (0,10)] [*] php
[Wed Mar 20 14:46:32.460 2013] 0.001 sec [ext2/0/rel 2201 (0,10)] [*] ÁΩëÁ´ô
[Wed Mar 20 14:49:15.795 2013] 0.000 sec [ext2/0/rel 2201 (10,10)] [*] ÁΩëÁ´ô
[Wed Mar 20 14:58:49.492 2013] 0.000 sec [ext2/0/rel 5 (0,10)] [*] php
[Wed Mar 20 14:59:42.764 2013] 0.000 sec [ext2/0/rel 2201 (0,10)] [*] ÁΩëÁ´ô
[Wed Mar 20 15:00:08.287 2013] 0.000 sec [ext2/0/rel 2201 (10,10)] [*] ÁΩëÁ´ô
[Wed Mar 20 15:00:12.052 2013] 0.001 sec [ext2/0/rel 2201 (20,10)] [*] ÁΩëÁ´ô
[Wed Mar 20 15:12:13.486 2013] 0.000 sec [ext2/0/rel 5 (0,10)] [*] php
[Wed Mar 20 15:12:30.442 2013] 0.000 sec [ext2/0/rel 5 (0,10)] [*] php
[Wed Mar 20 13:36:12.278 2013] 0.000 sec [ext2/0/rel 0 (0,10)] [*] www.236book.com
[Wed Mar 20 13:43:46.122 2013] 0.000 sec [ext2/0/rel 131 (0,10)] [*] ÁîµËÑë
[Wed Mar 20 13:44:17.534 2013] 0.000 sec [ext2/0/rel 5 (0,10)] [*] php
[Wed Mar 20 13:52:21.047 2013] 0.000 sec [ext2/0/rel 5 (0,10)] [*] php
[Wed Mar 20 13:52:29.360 2013] 0.001 sec [ext2/0/rel 4787 (0,10)] [*] ÁΩë
[Wed Mar 20 13:52:32.263 2013] 0.001 sec [ext2/0/rel 4787 (10,10)] [*] ÁΩë
[Wed Mar 20 13:52:41.614 2013] 0.001 sec [ext2/0/rel 4787 (90,10)] [*] ÁΩë
[Wed Mar 20 16:13:28.198 2013] 0.001 sec [ext2/0/rel 5531 (0,10)] [*] ÁΩë
[Wed Mar 20 16:13:31.330 2013] 0.001 sec [ext2/0/rel 5531 (90,10)] [*] ÁΩë
[Wed Mar 20 16:13:35.202 2013] 0.000 sec [ext2/0/rel 26 (0,10)] [*] ÊòÜÊòé
[Wed Mar 20 16:13:40.947 2013] 0.000 sec [ext2/0/rel 157 (0,10)] [*] ÁîµËÑë
[Wed Mar 20 16:13:44.189 2013] 0.000 sec [ext2/0/rel 157 (90,10)] [*] ÁîµËÑë
[Wed Mar 20 16:13:46.822 2013] 0.000 sec [ext2/0/rel 157 (130,10)] [*] ÁîµËÑë
[Wed Mar 20 16:13:52.304 2013] 0.000 sec [ext2/0/rel 1 (0,10)] [*] ÊúâÊàè
[Wed Mar 20 16:13:59.304 2013] 0.000 sec [ext2/0/rel 1 (0,10)] [*] ÊúâÊàè
[Wed Mar 20 16:14:03.855 2013] 0.000 sec [ext2/0/rel 1121 (0,10)] [*] Ê∏∏Êàè
[Wed Mar 20 16:14:16.370 2013] 0.000 sec [ext2/0/rel 37 (0,10)] [*] ÊãÖ‰øù
[Wed Mar 20 16:14:24.576 2013] 0.000 sec [ext2/0/rel 0 (0,10)] [*] ÈôïË•ø ÊãÖ‰øù
[Wed Mar 20 16:14:32.768 2013] 0.000 sec [ext2/0/rel 59 (0,10)] [*] ÈôïË•ø
[Wed Mar 20 16:14:48.546 2013] 0.001 sec [ext2/0/rel 2428 (0,10)] [*] ÁΩëÁ´ô
[Wed Mar 20 16:15:03.065 2013] 0.001 sec [ext2/0/rel 5531 (0,10)] [*] ÁΩë
[Wed Mar 20 16:15:59.949 2013] 0.000 sec [ext2/0/rel 157 (0,10)] [*] ÁîµËÑë
[Wed Mar 20 16:16:02.646 2013] 0.000 sec [ext2/0/rel 157 (10,10)] [*] ÁîµËÑë
[Wed Mar 20 16:16:34.185 2013] 0.000 sec [ext2/0/rel 19 (0,10)] [*] ËàÜÊÉÖ
[Wed Mar 20 16:16:45.051 2013] 0.001 sec [ext2/0/rel 5531 (0,10)] [*] ÁΩë
[Wed Mar 20 16:16:48.790 2013] 0.000 sec [ext2/0/rel 0 (0,10)] [*] 121212
[Wed Mar 20 16:18:01.995 2013] 0.001 sec [ext2/0/rel 5531 (0,10)] [*] ÁΩë
[Wed Mar 20 16:18:14.306 2013] 0.001 sec [ext2/0/rel 5531 (90,10)] [*] ÁΩë
[Wed Mar 20 16:18:17.052 2013] 0.001 sec [ext2/0/rel 5531 (130,10)] [*] ÁΩë
[Wed Mar 20 16:18:31.202 2013] 0.001 sec [ext2/0/rel 5531 (170,10)] [*] ÁΩë
[Wed Mar 20 16:18:34.309 2013] 0.001 sec [ext2/0/rel 5531 (210,10)] [*] ÁΩë
[Wed Mar 20 16:18:37.616 2013] 0.002 sec [ext2/0/rel 5531 (250,10)] [*] ÁΩë
[Wed Mar 20 16:18:39.780 2013] 0.001 sec [ext2/0/rel 5531 (290,10)] [*] ÁΩë
[Wed Mar 20 16:18:49.915 2013] 0.000 sec [ext2/0/rel 157 (0,10)] [*] ÁîµËÑë
[Wed Mar 20 16:19:27.983 2013] 0.001 sec [ext2/0/rel 5531 (0,10)] [*] ÁΩë
[Wed Mar 20 16:19:31.558 2013] 0.001 sec [ext2/0/rel 5531 (10,10)] [*] ÁΩë
[Wed Mar 20 16:19:33.861 2013] 0.001 sec [ext2/0/rel 5531 (20,10)] [*] ÁΩë
[Wed Mar 20 16:19:36.005 2013] 0.001 sec [ext2/0/rel 5531 (30,10)] [*] ÁΩë
[Wed Mar 20 16:19:38.137 2013] 0.001 sec [ext2/0/rel 5531 (40,10)] [*] ÁΩë
[Wed Mar 20 16:21:32.345 2013] 0.000 sec [ext2/0/rel 0 (0,10)] [*] phpsou
[Wed Mar 20 16:45:08.657 2013] 0.000 sec [ext2/0/rel 0 (0,10)] [*] siemens nx
[Wed Mar 20 16:55:28.680 2013] 0.000 sec [ext2/0/rel 0 (0,10)] [*] phpsou
[Wed Mar 20 17:07:50.327 2013] 0.000 sec [ext2/0/rel 5 (0,10)] [*] php
[Wed Mar 20 17:16:06.064 2013] 0.000 sec [ext2/0/rel 155 (0,10)] [*] ÁôæÂ∫¶
[Wed Mar 20 17:16:22.200 2013] 0.000 sec [ext2/0/rel 0 (0,10)] [*] Èú≤Â§©ÂΩ±Èô¢
[Wed Mar 20 17:32:07.707 2013] 0.001 sec [ext2/0/rel 2612 (0,10)] [*] ÁΩëÁ´ô
[Wed Mar 20 17:32:15.267 2013] 0.001 sec [ext2/0/rel 2612 (10,10)] [*] ÁΩëÁ´ô
[Wed Mar 20 17:32:21.137 2013] 0.000 sec [ext2/0/rel 170 (0,10)] [*] ÁîµËÑë
[Wed Mar 20 17:32:23.751 2013] 0.000 sec [ext2/0/rel 170 (10,10)] [*] ÁîµËÑë
[Wed Mar 20 17:32:28.058 2013] 0.000 sec [ext2/0/rel 39 (0,10)] [*] ‰∫ëÂçó
[Wed Mar 20 17:32:33.619 2013] 0.000 sec [ext2/0/rel 39 (10,10)] [*] ‰∫ëÂçó
[Wed Mar 20 17:32:42.176 2013] 0.000 sec [ext2/0/rel 39 (20,10)] [*] ‰∫ëÂçó
[Wed Mar 20 17:32:46.622 2013] 0.000 sec [ext2/0/rel 2 (0,10)] [*] ÊúâÊàè
[Wed Mar 20 17:32:51.114 2013] 0.000 sec [ext2/0/rel 2 (0,10)] [*] ÊúâÊàè
[Wed Mar 20 17:32:58.651 2013] 0.001 sec [ext2/0/rel 2612 (0,10)] [*] ÁΩëÁ´ô
[Wed Mar 20 17:33:02.088 2013] 0.001 sec [ext2/0/rel 2612 (90,10)] [*] ÁΩëÁ´ô
[Wed Mar 20 17:33:06.880 2013] 0.001 sec [ext2/0/rel 2612 (100,10)] [*] ÁΩëÁ´ô
[Wed Mar 20 17:33:26.339 2013] 0.001 sec [ext2/0/rel 2612 (0,10)] [*] ÁΩëÁ´ô
[Wed Mar 20 17:33:27.661 2013] 0.001 sec [ext2/0/rel 2612 (0,10)] [*] ÁΩëÁ´ô
[Wed Mar 20 17:34:02.383 2013] 0.000 sec [ext2/0/rel 0 (0,10000)] [*] *
[Wed Mar 20 17:35:11.266 2013] 0.000 sec [ext2/0/rel 0 (0,10000)] [*] *
[Wed Mar 20 17:35:35.841 2013] 0.000 sec [ext2/0/rel 0 (0,10000)] [*] *
[Wed Mar 20 17:35:38.408 2013] 0.000 sec [ext2/0/rel 5 (0,10000)] [*] php
[Wed Mar 20 17:35:50.112 2013] 0.001 sec [ext2/0/rel 6067 (0,10000)] [*] ÁΩë
[Wed Mar 20 17:36:05.566 2013] 0.001 sec [ext2/0/rel 6067 (0,10000)] [*] ÁΩë
[Wed Mar 20 17:36:09.793 2013] 0.001 sec [ext2/0/rel 6067 (0,10000)] [*] ÁΩë
[Wed Mar 20 17:36:23.997 2013] 0.001 sec [ext2/0/rel 6067 (0,10000)] [*] ÁΩë
[Wed Mar 20 17:36:36.058 2013] 0.001 sec [ext2/0/rel 6067 (0,10000)] [*] ÁΩë
[Wed Mar 20 17:36:40.056 2013] 0.001 sec [ext2/0/rel 6067 (0,10000)] [*] ÁΩë
[Wed Mar 20 17:37:12.070 2013] 0.000 sec [ext2/0/rel 154 (0,10000)] [*] ‰∫§Âèã
[Wed Mar 20 17:37:14.612 2013] 0.000 sec [ext2/0/rel 154 (0,10000)] [*] ‰∫§Âèã
[Wed Mar 20 17:37:24.891 2013] 0.000 sec [ext2/0/rel 154 (0,10000)] [*] ‰∫§Âèã
[Wed Mar 20 17:37:26.663 2013] 0.000 sec [ext2/0/rel 154 (0,10000)] [*] ‰∫§Âèã
[Wed Mar 20 17:37:35.655 2013] 0.000 sec [ext2/0/rel 159 (0,10000)] [*] ‰∫§Âèã
[Wed Mar 20 17:39:40.411 2013] 0.001 sec [ext2/0/rel 2612 (0,10000)] [*] ÁΩëÁ´ô
[Wed Mar 20 17:41:52.832 2013] 0.001 sec [ext2/0/rel 2612 (0,10)] [*] ÁΩëÁ´ô
[Wed Mar 20 17:42:00.708 2013] 0.000 sec [ext2/0/rel 230 (0,10)] [*] ÁîµÂΩ±
[Wed Mar 20 17:42:03.259 2013] 0.000 sec [ext2/0/rel 230 (10,10)] [*] ÁîµÂΩ±
[Wed Mar 20 17:42:11.395 2013] 0.001 sec [ext2/0/rel 2612 (0,10)] [*] ÁΩëÁ´ô
[Wed Mar 20 17:42:38.753 2013] 0.000 sec [ext2/0/rel 2 (0,10)] [*] ÊúâÊàè
[Wed Mar 20 17:42:46.768 2013] 0.000 sec [ext2/0/rel 0 (0,10)] [*] ÊúâÊàèÂºÄÂèë
[Wed Mar 20 17:42:49.704 2013] 0.000 sec [ext2/0/rel 0 (0,10)] [*] ÊúâÊàè ÂºÄÂèë
[Wed Mar 20 17:42:54.768 2013] 0.000 sec [ext2/0/rel 14 (0,10)] [*] ÁΩëÁ´ô ÊéíË°å
[Wed Mar 20 17:42:59.393 2013] 0.000 sec [ext2/0/rel 14 (10,10)] [*] ÁΩëÁ´ô ÊéíË°å
[Wed Mar 20 17:43:11.565 2013] 0.000 sec [ext2/0/rel 0 (0,10)] [*] ‰∫ëÂçóÁªìÁü≥ÁóÖ
[Wed Mar 20 17:43:14.690 2013] 0.000 sec [ext2/0/rel 0 (0,10)] [*] ‰∫ëÂçó ÁªìÁü≥ÁóÖ
[Wed Mar 20 17:43:17.855 2013] 0.000 sec [ext2/0/rel 39 (0,10)] [*] ‰∫ëÂçó
[Wed Mar 20 17:43:23.777 2013] 0.001 sec [ext2/0/rel 2136 (0,10)] [*] Êñ∞Èóª
[Wed Mar 20 17:46:16.634 2013] 0.001 sec [ext2/0/rel 6067 (0,10)] [*] ÁΩë
[Wed Mar 20 17:46:21.781 2013] 0.001 sec [ext2/0/rel 6067 (10,10)] [*] ÁΩë
[Wed Mar 20 17:46:24.179 2013] 0.001 sec [ext2/0/rel 6067 (20,10)] [*] ÁΩë
[Wed Mar 20 17:46:26.675 2013] 0.001 sec [ext2/0/rel 6067 (30,10)] [*] ÁΩë
[Wed Mar 20 17:46:37.169 2013] 0.001 sec [ext2/0/rel 6067 (30,10)] [*] ÁΩë
[Wed Mar 20 17:46:42.939 2013] 0.001 sec [ext2/0/rel 6067 (90,10)] [*] ÁΩë
[Wed Mar 20 19:48:54.934 2013] 0.000 sec [ext2/0/rel 11 (0,10)] [*] php
[Wed Mar 20 19:49:09.577 2013] 0.000 sec [ext2/0/rel 11 (10,10)] [*] php
[Wed Mar 20 19:49:12.020 2013] 0.000 sec [ext2/0/rel 11 (0,10)] [*] php
[Wed Mar 20 19:49:27.835 2013] 0.000 sec [ext2/0/rel 157 (0,10)] [*] ÁÇπ
[Wed Mar 20 20:13:23.925 2013] 0.000 sec [ext2/0/rel 0 (0,10)] [*] phpÂàÜËØç
[Wed Mar 20 18:24:31.827 2013] 0.000 sec [ext2/0/rel 11 (0,10)] [*] php
[Wed Mar 20 18:24:41.268 2013] 0.000 sec [ext2/0/rel 11 (0,10)] [*] php
[Wed Mar 20 18:24:44.619 2013] 0.000 sec [ext2/0/rel 11 (10,10)] [*] php
[Wed Mar 20 18:26:48.331 2013] 0.000 sec [ext2/0/rel 0 (0,10)] [*] dd
[Wed Mar 20 18:38:12.416 2013] 0.000 sec [ext2/0/rel 11 (0,10)] [*] php
[Wed Mar 20 18:38:15.396 2013] 0.000 sec [ext2/0/rel 11 (10,10)] [*] php
[Wed Mar 20 18:38:30.173 2013] 0.001 sec [ext2/0/rel 7115 (0,10)] [*] ÁΩë
[Wed Mar 20 18:42:38.490 2013] 0.000 sec [ext2/0/rel 0 (0,10)] [*] dircms
[Wed Mar 20 18:42:53.802 2013] 0.000 sec [ext2/0/rel 0 (0,10)] [*] mymps
[Wed Mar 20 18:43:39.831 2013] 0.000 sec [ext2/0/rel 3 (0,10)] [*] dedecms
[Wed Mar 20 18:43:48.786 2013] 0.000 sec [ext2/0/rel 3 (0,10)] [*] baidu
[Wed Mar 20 19:21:11.156 2013] 0.000 sec [ext2/0/rel 0 (0,10)] [*] Defenes chinas
[Wed Mar 20 19:22:21.875 2013] 0.000 sec [ext2/0/rel 0 (0,10)] [*] Defenes 
[Wed Mar 20 19:23:24.110 2013] 0.000 sec [ext2/0/rel 0 (0,10)] [*] ÿßŸÑŸÖŸÇÿßÿ™ŸÑÿßÿ™ ÿßŸÑÿµŸäŸÜŸäÿ©
[Wed Mar 20 19:32:17.582 2013] 0.000 sec [ext2/0/rel 439 (0,10)] [*] 1
[Wed Mar 20 20:03:56.174 2013] 0.000 sec [ext2/0/rel 104 (0,10)] [*] a
[Wed Mar 20 20:04:11.115 2013] 0.000 sec [ext2/0/rel 0 (0,10)] [*] hawar
[Wed Mar 20 20:05:31.899 2013] 0.000 sec [ext2/0/rel 0 (0,10)] [*] salam
[Wed Mar 20 20:05:34.112 2013] 0.000 sec [ext2/0/rel 0 (0,10)] [*] salam
[Wed Mar 20 20:05:44.225 2013] 0.000 sec [ext2/0/rel 0 (0,10)] [*] salam
[Wed Mar 20 18:57:41.192 2013] 0.000 sec [ext2/0/rel 35 (0,10)] [*] s
[Wed Mar 20 18:57:55.323 2013] 0.000 sec [ext2/0/rel 330 (0,10)] [*] Êàë
[Wed Mar 20 20:33:25.544 2013] 0.000 sec [ext2/0/rel 0 (0,10)] [*] 31221
[Wed Mar 20 20:33:37.356 2013] 0.000 sec [ext2/0/rel 1 (0,10)] [*] baidu.com
[Wed Mar 20 20:34:02.827 2013] 0.000 sec [ext2/0/rel 54 (0,10)] [*] 11
[Wed Mar 20 18:40:32.517 2013] 0.000 sec [ext2/0/rel 13 (0,10)] [*] dj
[Wed Mar 20 18:48:05.745 2013] 0.000 sec [ext2/0/rel 0 (0,10)] [*] 31221
[Wed Mar 20 18:48:17.979 2013] 0.000 sec [ext2/0/rel 1 (0,10)] [*] baidu.com
[Wed Mar 20 18:48:43.171 2013] 0.000 sec [ext2/0/rel 54 (0,10)] [*] 11
[Wed Mar 20 20:14:41.010 2013] 0.000 sec [ext2/0/rel 217 (0,10)] [*] ÂæÆÂçö
[Wed Mar 20 20:14:49.643 2013] 0.000 sec [ext2/0/rel 217 (20,10)] [*] ÂæÆÂçö
[Wed Mar 20 20:14:52.212 2013] 0.000 sec [ext2/0/rel 217 (60,10)] [*] ÂæÆÂçö
[Wed Mar 20 20:14:54.985 2013] 0.000 sec [ext2/0/rel 217 (100,10)] [*] ÂæÆÂçö
[Thu Mar 21 03:37:29.110 2013] 0.000 sec [ext2/0/rel 479 (0,10)] [*] 1
[Thu Mar 21 03:37:48.484 2013] 0.000 sec [ext2/0/rel 0 (0,10)] [*] mongol
[Thu Mar 21 03:37:54.507 2013] 0.000 sec [ext2/0/rel 15 (0,10)] [*] hi
[Thu Mar 21 03:37:54.538 2013] 0.000 sec [ext2/0/rel 15 (0,10)] [*] hi
[Thu Mar 21 03:39:17.470 2013] 0.000 sec [ext2/0/rel 25 (0,10)] [*] r
[Thu Mar 21 04:07:28.724 2013] 0.000 sec [ext2/0/rel 479 (0,10)] [*] 1
[Thu Mar 21 04:07:47.712 2013] 0.000 sec [ext2/0/rel 0 (0,10)] [*] mongol
[Thu Mar 21 04:09:16.735 2013] 0.000 sec [ext2/0/rel 25 (0,10)] [*] r
[Thu Mar 21 04:10:53.854 2013] 0.000 sec [ext2/0/rel 0 (0,10)] [*] rrrrr
[Thu Mar 21 04:11:21.956 2013] 0.000 sec [ext2/0/rel 0 (0,10)] [*] aaa
[Thu Mar 21 04:23:30.389 2013] 0.000 sec [ext2/0/rel 0 (0,10)] [*] aaa
[Thu Mar 21 04:23:31.999 2013] 0.000 sec [ext2/0/rel 0 (0,10)] [*] rrrrr
[Thu Mar 21 04:23:35.406 2013] 0.000 sec [ext2/0/rel 0 (0,10)] [*] rrrrr
[Thu Mar 21 04:23:42.053 2013] 0.000 sec [ext2/0/rel 0 (0,10)] [*] hah
[Thu Mar 21 04:23:45.650 2013] 0.000 sec [ext2/0/rel 21 (0,10)] [*] php
[Thu Mar 21 04:23:51.404 2013] 0.000 sec [ext2/0/rel 21 (10,10)] [*] php
[Thu Mar 21 04:23:56.302 2013] 0.000 sec [ext2/0/rel 21 (20,10)] [*] php
[Thu Mar 21 10:29:16.348 2013] 0.000 sec [ext2/0/rel 46 (0,10)] [*] 123
[Thu Mar 21 10:29:21.032 2013] 0.000 sec [ext2/0/rel 46 (10,10)] [*] 123
[Thu Mar 21 10:29:38.846 2013] 0.000 sec [ext2/0/rel 46 (10,10)] [*] 123
[Thu Mar 21 10:29:41.281 2013] 0.000 sec [ext2/0/rel 46 (10,10)] [*] 123
[Thu Mar 21 10:30:05.859 2013] 0.000 sec [ext2/0/rel 3 (0,10)] [*] chinaz
[Thu Mar 21 10:31:49.954 2013] 0.000 sec [ext2/0/rel 59 (0,10)] [*] seo
[Thu Mar 21 11:23:03.322 2013] 0.000 sec [ext2/0/rel 0 (0,10)] [*] www.236
[Thu Mar 21 11:35:03.124 2013] 0.000 sec [ext2/0/rel 0 (0,10)] [*] .hkÂ§ßÁ´ô
[Thu Mar 21 09:25:32.960 2013] 0.000 sec [ext2/0/rel 241 (0,10)] [*] ÁôæÂ∫¶
[Thu Mar 21 09:26:14.499 2013] 0.000 sec [ext2/0/rel 241 (0,10)] [*] ÁôæÂ∫¶
[Thu Mar 21 09:27:30.769 2013] 0.000 sec [ext2/0/rel 241 (0,10)] [*] ÁôæÂ∫¶
[Thu Mar 21 09:27:34.580 2013] 0.000 sec [ext2/0/rel 241 (10,10)] [*] ÁôæÂ∫¶
[Thu Mar 21 09:27:39.416 2013] 0.000 sec [ext2/0/rel 10 (0,10)] [*] È©ªÈ©¨Â∫ó
[Thu Mar 21 09:27:56.033 2013] 0.000 sec [ext2/0/rel 6 (0,10)] [*] È©ªÈ©¨Â∫óÁΩë
[Thu Mar 21 09:27:57.640 2013] 0.000 sec [ext2/0/rel 6 (0,10)] [*] È©ªÈ©¨Â∫óÁΩë
[Thu Mar 21 11:20:04.298 2013] 0.000 sec [ext2/0/rel 46 (0,10)] [*] 123
[Thu Mar 21 11:24:10.780 2013] 0.000 sec [ext2/0/rel 0 (0,10)] [*] phpsou
[Thu Mar 21 11:24:14.385 2013] 0.000 sec [ext2/0/rel 0 (0,10)] [*] phpsou
[Thu Mar 21 11:24:16.522 2013] 0.000 sec [ext2/0/rel 0 (0,10)] [*] phpsou
[Thu Mar 21 09:26:25.777 2013] 0.000 sec [ext2/0/rel 0 (0,10)] [*] www.cnzzla.com
[Thu Mar 21 09:26:34.052 2013] 0.000 sec [ext2/0/rel 0 (0,10)] [*] www.cnzzla.com
[Thu Mar 21 09:26:35.215 2013] 0.000 sec [ext2/0/rel 0 (0,10)] [*] www.cnzzla.com
[Thu Mar 21 09:26:36.909 2013] 0.000 sec [ext2/0/rel 0 (0,10)] [*] Èú≤Â§©ÂΩ±Èô¢
[Thu Mar 21 09:26:38.910 2013] 0.000 sec [ext2/0/rel 0 (0,10)] [*] Èú≤Â§©ÂΩ±Èô¢
[Thu Mar 21 09:36:13.020 2013] 0.000 sec [ext2/0/rel 0 (0,10)] [*] dsfdg
[Thu Mar 21 10:16:15.429 2013] 0.000 sec [ext2/0/rel 0 (0,10)] [*] toprealnews
[Thu Mar 21 10:16:49.221 2013] 0.000 sec [ext2/0/rel 0 (0,10)] [*] sex vode
[Thu Mar 21 10:43:59.925 2013] 0.000 sec [ext2/0/rel 0 (0,10)] [*] 7sobook.com
[Thu Mar 21 10:44:12.579 2013] 0.000 sec [ext2/0/rel 0 (0,10)] [*] Ëµ∑Ê∫êÂ∞èËØ¥ÊêúÁ¥¢
[Thu Mar 21 10:44:24.589 2013] 0.000 sec [ext2/0/rel 0 (0,10)] [*] 7sobook.com
[Thu Mar 21 10:44:27.564 2013] 0.000 sec [ext2/0/rel 0 (0,10)] [*] iÊêú‰π¶
[Thu Mar 21 10:46:32.445 2013] 0.000 sec [ext2/0/rel 0 (0,10)] [*] Ëµ∑Ê∫êÂ∞èËØ¥ÊêúÁ¥¢
[Thu Mar 21 10:46:34.076 2013] 0.000 sec [ext2/0/rel 0 (0,10)] [*] iÊêú‰π¶
[Thu Mar 21 17:53:34.071 2013] 0.002 sec [ext2/0/rel 16172 (0,10)] [*] ÁΩë
[Thu Mar 21 17:53:38.070 2013] 0.002 sec [ext2/0/rel 16172 (10,10)] [*] ÁΩë
[Thu Mar 21 17:53:46.817 2013] 0.000 sec [ext2/0/rel 3 (0,10)] [*] ÊúâÊàè
[Thu Mar 21 17:53:52.112 2013] 0.000 sec [ext2/0/rel 52 (0,10)] [*] Ê∏∏ÊàèÂºÄÂèë
[Thu Mar 21 17:53:59.298 2013] 0.002 sec [ext2/0/rel 16172 (0,10)] [*] ÁΩë
[Thu Mar 21 18:32:01.178 2013] 0.000 sec [ext2/0/rel 6 (0,10)] [*] Ëµ§Â≥∞
[Thu Mar 21 18:32:22.781 2013] 0.000 sec [ext2/0/rel 0 (0,10)] [*] .
[Thu Mar 21 18:32:27.540 2013] 0.000 sec [ext2/0/rel 0 (0,10)] [*] /
[Thu Mar 21 18:32:32.844 2013] 0.001 sec [ext2/0/rel 7665 (0,10)] [*] ‰∏≠ÂõΩ
[Thu Mar 21 17:59:58.353 2013] 0.000 sec [ext2/0/rel 0 (0,10)] [*] dgg
[Thu Mar 21 18:00:05.116 2013] 0.000 sec [ext2/0/rel 257 (0,10)] [*] ÁôæÂ∫¶
[Thu Mar 21 17:23:44.279 2013] 0.000 sec [ext2/0/rel 561 (0,10)] [*] Â∞èËØ¥
[Thu Mar 21 23:07:50.692 2013] 0.002 sec [ext2/0/rel 16602 (0,10)] [*] ÁΩë
[Thu Mar 21 23:09:13.869 2013] 0.003 sec [ext2/0/rel 16602 (10,10)] [*] ÁΩë
[Thu Mar 21 22:28:33.866 2013] 0.000 sec [ext2/0/rel 0 (0,10)] [*] Áà±Âí™Ëø™
[Thu Mar 21 22:29:24.229 2013] 0.000 sec [ext2/0/rel 332 (0,10)] [*] Âçó‰∫¨
[Thu Mar 21 22:29:48.892 2013] 0.000 sec [ext2/0/rel 0 (0,10)] [*] lovemidi
[Fri Mar 22 00:59:37.447 2013] 0.002 sec [ext2/0/rel 17445 (0,10)] [*] ÁΩë
[Fri Mar 22 00:59:59.527 2013] 0.000 sec [ext2/0/rel 715 (0,10)] [*] Ë¥≠Áâ©
[Fri Mar 22 01:00:02.189 2013] 0.000 sec [ext2/0/rel 715 (10,10)] [*] Ë¥≠Áâ©
[Fri Mar 22 01:00:06.321 2013] 0.003 sec [ext2/0/rel 17445 (0,10)] [*] ÁΩë
[Fri Mar 22 01:00:11.831 2013] 0.002 sec [ext2/0/rel 17445 (0,10)] [*] ÁΩë
[Fri Mar 22 01:00:16.333 2013] 0.002 sec [ext2/0/rel 17445 (10,10)] [*] ÁΩë
[Fri Mar 22 01:05:27.834 2013] 0.000 sec [ext2/0/rel 0 (0,10)] [*] circleride
[Fri Mar 22 01:05:37.705 2013] 0.000 sec [ext2/0/rel 133 (0,10)] [*] home
[Fri Mar 22 01:05:57.549 2013] 0.000 sec [ext2/0/rel 8 (0,10)] [*] hotmail
[Fri Mar 22 00:59:48.939 2013] 0.000 sec [ext2/0/rel 9 (0,10)] [*] È£é‰∫ëÁõ¥Êí≠
[Fri Mar 22 01:19:31.928 2013] 0.000 sec [ext2/0/rel 325 (0,10)] [*] 5
[Fri Mar 22 01:29:25.996 2013] 0.000 sec [ext2/0/rel 325 (0,10)] [*] 5
[Fri Mar 22 01:29:32.313 2013] 0.000 sec [ext2/0/rel 232 (0,10)] [*] 8
[Fri Mar 22 01:50:36.461 2013] 0.000 sec [ext2/0/rel 686 (0,10)] [*] 2
[Fri Mar 22 01:50:44.933 2013] 0.000 sec [ext2/0/rel 686 (90,10)] [*] 2
[Fri Mar 22 01:50:46.931 2013] 0.000 sec [ext2/0/rel 686 (130,10)] [*] 2
[Fri Mar 22 01:50:51.085 2013] 0.000 sec [ext2/0/rel 686 (170,10)] [*] 2
[Fri Mar 22 00:08:58.703 2013] 0.000 sec [ext2/0/rel 51 (0,10)] [*] 123
[Fri Mar 22 00:09:02.425 2013] 0.000 sec [ext2/0/rel 0 (0,10)] [*] Â§©ÁÅ≠
[Fri Mar 22 00:09:08.199 2013] 0.000 sec [ext2/0/rel 112 (0,10)] [*] ‰∏≠ÂÖ±
[Fri Mar 22 00:09:33.249 2013] 0.000 sec [ext2/0/rel 112 (10,10)] [*] ‰∏≠ÂÖ±
[Fri Mar 22 09:42:44.186 2013] 0.000 sec [ext2/0/rel 71 (0,10)] [*] php
[Fri Mar 22 09:42:51.609 2013] 0.000 sec [ext2/0/rel 71 (10,10)] [*] php
[Fri Mar 22 09:43:00.139 2013] 0.003 sec [ext2/0/rel 21406 (0,10)] [*] ÁΩë
[Fri Mar 22 09:43:06.947 2013] 0.003 sec [ext2/0/rel 21406 (10,10)] [*] ÁΩë
[Fri Mar 22 10:43:52.169 2013] 0.000 sec [ext2/0/rel 96 (0,10)] [*] k
[Fri Mar 22 13:47:28.447 2013] 0.003 sec [ext2/0/rel 23526 (0,10)] [*] ÁΩë
[Fri Mar 22 13:47:33.887 2013] 0.003 sec [ext2/0/rel 23526 (90,10)] [*] ÁΩë
[Fri Mar 22 13:47:41.928 2013] 0.003 sec [ext2/0/rel 23526 (100,10)] [*] ÁΩë
[Fri Mar 22 13:51:42.930 2013] 0.003 sec [ext2/0/rel 23526 (0,10)] [*] ÁΩë
[Fri Mar 22 13:52:19.663 2013] 0.003 sec [ext2/0/rel 23526 (0,10)] [*] ÁΩë
[Fri Mar 22 13:52:24.420 2013] 0.003 sec [ext2/0/rel 23526 (0,10)] [*] ÁΩë
[Fri Mar 22 13:56:06.895 2013] 0.003 sec [ext2/0/rel 23526 (0,10)] [*] ÁΩë
[Fri Mar 22 13:57:14.301 2013] 0.000 sec [ext2/0/rel 220 (0,10)] [*] ‰∫∫Ê∞ëÁΩë
[Fri Mar 22 13:57:18.691 2013] 0.003 sec [ext2/0/rel 23526 (0,10)] [*] ÁΩë
[Fri Mar 22 13:57:30.255 2013] 0.001 sec [ext2/0/rel 262 (0,10)] [*] qqÁΩë
[Fri Mar 22 13:57:34.438 2013] 0.003 sec [ext2/0/rel 23526 (0,10)] [*] ÁΩë
[Fri Mar 22 13:57:40.451 2013] 0.001 sec [ext2/0/rel 61 (0,10)] [*] ÁΩë12
[Fri Mar 22 13:57:43.665 2013] 0.003 sec [ext2/0/rel 23526 (0,10)] [*] ÁΩë
[Fri Mar 22 13:57:52.408 2013] 0.001 sec [ext2/0/rel 20 (0,10)] [*] ÁΩë123
[Fri Mar 22 13:57:55.587 2013] 0.003 sec [ext2/0/rel 23526 (0,10)] [*] ÁΩë
[Fri Mar 22 13:59:07.132 2013] 0.003 sec [ext2/0/rel 23526 (0,10)] [*] ÁΩë
[Fri Mar 22 13:59:19.229 2013] 0.001 sec [ext2/0/rel 8323 (0,10)] [*] ÁΩëÁ´ô
[Fri Mar 22 13:59:22.252 2013] 0.001 sec [ext2/0/rel 8323 (0,10)] [*] ÁΩëÁ´ô
[Fri Mar 22 13:59:25.978 2013] 0.003 sec [ext2/0/rel 23526 (0,10)] [*] ÁΩë
[Fri Mar 22 13:59:34.726 2013] 0.000 sec [ext2/0/rel 808 (0,10)] [*] ÁîµËÑë
[Fri Mar 22 13:59:38.460 2013] 0.000 sec [ext2/0/rel 808 (30,10)] [*] ÁîµËÑë
[Fri Mar 22 13:59:41.506 2013] 0.000 sec [ext2/0/rel 808 (90,10)] [*] ÁîµËÑë
[Fri Mar 22 14:00:40.787 2013] 0.000 sec [ext2/0/rel 75 (0,10)] [*] php
[Fri Mar 22 14:00:44.291 2013] 0.000 sec [ext2/0/rel 75 (70,10)] [*] php
[Fri Mar 22 14:00:46.307 2013] 0.000 sec [ext2/0/rel 75 (60,10)] [*] php
[Fri Mar 22 14:00:49.964 2013] 0.000 sec [ext2/0/rel 75 (70,10)] [*] php
[Fri Mar 22 14:00:55.746 2013] 0.000 sec [ext2/0/rel 75 (20,10)] [*] php
[Fri Mar 22 14:01:01.942 2013] 0.000 sec [ext2/0/rel 46 (0,10)] [*] cms
[Fri Mar 22 14:01:17.484 2013] 0.000 sec [ext2/0/rel 31 (0,10)] [*] Â∏ùÂõΩ
[Fri Mar 22 14:01:28.916 2013] 0.000 sec [ext2/0/rel 3 (0,10)] [*] Â∏ùÂõΩcms
[Fri Mar 22 14:01:54.044 2013] 0.003 sec [ext2/0/rel 23526 (0,10)] [*] ÁΩë
[Fri Mar 22 14:01:57.454 2013] 0.003 sec [ext2/0/rel 23526 (10,10)] [*] ÁΩë
[Fri Mar 22 14:03:14.296 2013] 0.001 sec [ext2/0/rel 8323 (0,10)] [*] ÁΩëÁ´ô
[Fri Mar 22 14:03:17.573 2013] 0.001 sec [ext2/0/rel 8323 (10,10)] [*] ÁΩëÁ´ô
[Fri Mar 22 14:03:21.322 2013] 0.001 sec [ext2/0/rel 8323 (90,10)] [*] ÁΩëÁ´ô
[Fri Mar 22 14:03:58.506 2013] 0.003 sec [ext2/0/rel 23526 (0,10)] [*] ÁΩë
[Fri Mar 22 14:04:04.752 2013] 0.003 sec [ext2/0/rel 23526 (90,10)] [*] ÁΩë
[Fri Mar 22 13:31:50.467 2013] 0.000 sec [ext2/0/rel 0 (0,10)] [*] jk,lk
[Fri Mar 22 16:09:08.139 2013] 0.003 sec [ext2/0/rel 24117 (0,10)] [*] ÁΩë
[Fri Mar 22 16:09:11.036 2013] 0.003 sec [ext2/0/rel 24117 (10,10)] [*] ÁΩë
[Fri Mar 22 16:09:13.910 2013] 0.003 sec [ext2/0/rel 24117 (20,10)] [*] ÁΩë
[Fri Mar 22 16:09:16.871 2013] 0.003 sec [ext2/0/rel 24117 (80,10)] [*] ÁΩë
[Fri Mar 22 16:09:19.748 2013] 0.003 sec [ext2/0/rel 24117 (120,10)] [*] ÁΩë
[Fri Mar 22 16:09:22.957 2013] 0.003 sec [ext2/0/rel 24117 (160,10)] [*] ÁΩë
[Fri Mar 22 16:09:25.116 2013] 0.003 sec [ext2/0/rel 24117 (200,10)] [*] ÁΩë
[Fri Mar 22 16:09:28.878 2013] 0.003 sec [ext2/0/rel 24117 (240,10)] [*] ÁΩë
[Fri Mar 22 16:09:31.065 2013] 0.003 sec [ext2/0/rel 24117 (280,10)] [*] ÁΩë
[Fri Mar 22 16:09:33.394 2013] 0.003 sec [ext2/0/rel 24117 (320,10)] [*] ÁΩë
[Fri Mar 22 16:09:37.235 2013] 0.003 sec [ext2/0/rel 24117 (360,10)] [*] ÁΩë
[Fri Mar 22 16:09:46.882 2013] 0.003 sec [ext2/0/rel 24117 (400,10)] [*] ÁΩë
[Fri Mar 22 16:09:49.414 2013] 0.003 sec [ext2/0/rel 24117 (440,10)] [*] ÁΩë
[Fri Mar 22 16:09:51.323 2013] 0.003 sec [ext2/0/rel 24117 (480,10)] [*] ÁΩë
[Fri Mar 22 16:09:53.551 2013] 0.003 sec [ext2/0/rel 24117 (490,10)] [*] ÁΩë
[Fri Mar 22 16:10:00.043 2013] 0.001 sec [ext2/0/rel 2778 (0,10)] [*] Âõ¢Ë¥≠
[Fri Mar 22 16:10:05.456 2013] 0.001 sec [ext2/0/rel 2778 (90,10)] [*] Âõ¢Ë¥≠
[Fri Mar 22 16:10:08.589 2013] 0.001 sec [ext2/0/rel 2778 (0,10)] [*] Âõ¢Ë¥≠
[Fri Mar 22 16:10:15.838 2013] 0.000 sec [ext2/0/rel 813 (0,10)] [*] ÁîµËÑë
[Fri Mar 22 16:10:20.344 2013] 0.000 sec [ext2/0/rel 813 (10,10)] [*] ÁîµËÑë
[Fri Mar 22 16:10:27.264 2013] 0.003 sec [ext2/0/rel 24117 (0,10)] [*] ÁΩë
[Fri Mar 22 16:10:30.774 2013] 0.003 sec [ext2/0/rel 24117 (90,10)] [*] ÁΩë
[Fri Mar 22 16:10:33.409 2013] 0.003 sec [ext2/0/rel 24117 (130,10)] [*] ÁΩë
[Fri Mar 22 16:10:35.255 2013] 0.003 sec [ext2/0/rel 24117 (170,10)] [*] ÁΩë
[Fri Mar 22 16:10:38.112 2013] 0.003 sec [ext2/0/rel 24117 (210,10)] [*] ÁΩë
[Fri Mar 22 16:10:40.599 2013] 0.003 sec [ext2/0/rel 24117 (250,10)] [*] ÁΩë
[Fri Mar 22 16:10:43.483 2013] 0.003 sec [ext2/0/rel 24117 (290,10)] [*] ÁΩë
[Fri Mar 22 16:10:45.599 2013] 0.003 sec [ext2/0/rel 24117 (330,10)] [*] ÁΩë
[Fri Mar 22 16:10:47.547 2013] 0.003 sec [ext2/0/rel 24117 (370,10)] [*] ÁΩë
[Fri Mar 22 16:10:49.599 2013] 0.003 sec [ext2/0/rel 24117 (410,10)] [*] ÁΩë
[Fri Mar 22 16:21:19.888 2013] 0.003 sec [ext2/0/rel 24117 (0,10)] [*] ÁΩë
